2026-02-09 11:25:10.859 [restartedMain] INFO  com.telecom.MiddlewareApplication - Starting MiddlewareApplication using Java 21.0.8 with PID 16460 (D:\InterviewPreparation\Middleware\target\classes started by Welcome in D:\InterviewPreparation\Middleware)
2026-02-09 11:25:10.862 [restartedMain] DEBUG com.telecom.MiddlewareApplication - Running with Spring Boot v4.0.2, Spring v7.0.3
2026-02-09 11:25:10.862 [restartedMain] INFO  com.telecom.MiddlewareApplication - No active profile set, falling back to 1 default profile: "default"
2026-02-09 11:25:10.901 [restartedMain] INFO  org.springframework.boot.devtools.env.DevToolsPropertyDefaultsPostProcessor - Devtools property defaults active! Set 'spring.devtools.add-properties' to 'false' to disable
2026-02-09 11:25:10.902 [restartedMain] INFO  org.springframework.boot.devtools.env.DevToolsPropertyDefaultsPostProcessor - For additional web related logging consider setting the 'logging.level.web' property to 'DEBUG'
2026-02-09 11:25:11.563 [restartedMain] INFO  org.springframework.boot.tomcat.TomcatWebServer - Tomcat initialized with port 8080 (http)
2026-02-09 11:25:11.575 [restartedMain] INFO  org.apache.coyote.http11.Http11NioProtocol - Initializing ProtocolHandler ["http-nio-8080"]
2026-02-09 11:25:11.575 [restartedMain] INFO  org.apache.catalina.core.StandardService - Starting service [Tomcat]
2026-02-09 11:25:11.576 [restartedMain] INFO  org.apache.catalina.core.StandardEngine - Starting Servlet engine: [Apache Tomcat/11.0.15]
2026-02-09 11:25:11.616 [restartedMain] INFO  org.springframework.boot.web.context.servlet.WebApplicationContextInitializer - Root WebApplicationContext: initialization completed in 713 ms
2026-02-09 11:25:11.736 [restartedMain] INFO  org.springframework.ws.soap.saaj.SaajSoapMessageFactory - Creating SAAJ 1.3 MessageFactory with SOAP 1.1 Protocol
2026-02-09 11:25:11.743 [restartedMain] DEBUG org.springframework.ws.soap.saaj.SaajSoapMessageFactory - Using MessageFactory class [com.sun.xml.messaging.saaj.soap.ver1_1.SOAPMessageFactory1_1Impl]
2026-02-09 11:25:11.999 [restartedMain] DEBUG org.springframework.ws.server.endpoint.mapping.PayloadRootAnnotationMethodEndpointMapping - Looking for endpoints in application context: org.springframework.boot.web.server.servlet.context.AnnotationConfigServletWebServerApplicationContext@263e973c, started on Mon Feb 09 11:25:10 IST 2026
2026-02-09 11:25:12.003 [restartedMain] DEBUG org.springframework.ws.soap.server.endpoint.mapping.SoapActionAnnotationMethodEndpointMapping - Looking for endpoints in application context: org.springframework.boot.web.server.servlet.context.AnnotationConfigServletWebServerApplicationContext@263e973c, started on Mon Feb 09 11:25:10 IST 2026
2026-02-09 11:25:12.056 [restartedMain] INFO  org.springframework.ws.soap.addressing.server.AnnotationActionEndpointMapping - Supporting [WS-Addressing August 2004, WS-Addressing 1.0]
2026-02-09 11:25:12.066 [restartedMain] DEBUG org.springframework.ws.server.endpoint.adapter.DefaultMethodEndpointAdapter - No MethodArgumentResolvers set, using defaults: [org.springframework.ws.server.endpoint.adapter.method.dom.DomPayloadMethodProcessor@5eceb5c, org.springframework.ws.server.endpoint.adapter.method.MessageContextMethodArgumentResolver@4fab2260, org.springframework.ws.server.endpoint.adapter.method.SourcePayloadMethodProcessor@25a35b80, org.springframework.ws.server.endpoint.adapter.method.XPathParamMethodArgumentResolver@19da3823, org.springframework.ws.soap.server.endpoint.adapter.method.SoapMethodArgumentResolver@7b8e964f, org.springframework.ws.soap.server.endpoint.adapter.method.SoapHeaderElementMethodArgumentResolver@6da0037c, org.springframework.ws.server.endpoint.adapter.method.jaxb.XmlRootElementPayloadMethodProcessor@52e03a13, org.springframework.ws.server.endpoint.adapter.method.jaxb.JaxbElementPayloadMethodProcessor@1ab31b4c, org.springframework.ws.server.endpoint.adapter.method.StaxPayloadMethodArgumentResolver@1580dabb]
2026-02-09 11:25:12.066 [restartedMain] DEBUG org.springframework.ws.server.endpoint.adapter.DefaultMethodEndpointAdapter - No MethodReturnValueHandlers set, using defaults: [org.springframework.ws.server.endpoint.adapter.method.dom.DomPayloadMethodProcessor@78d69094, org.springframework.ws.server.endpoint.adapter.method.SourcePayloadMethodProcessor@2b350d3f, org.springframework.ws.server.endpoint.adapter.method.jaxb.XmlRootElementPayloadMethodProcessor@295e0a6e, org.springframework.ws.server.endpoint.adapter.method.jaxb.JaxbElementPayloadMethodProcessor@3a9848fc]
2026-02-09 11:25:12.084 [restartedMain] INFO  org.apache.coyote.http11.Http11NioProtocol - Starting ProtocolHandler ["http-nio-8080"]
2026-02-09 11:25:12.109 [restartedMain] INFO  org.springframework.boot.tomcat.TomcatWebServer - Tomcat started on port 8080 (http) with context path '/'
2026-02-09 11:25:12.114 [restartedMain] INFO  com.telecom.MiddlewareApplication - Started MiddlewareApplication in 1.489 seconds (process running for 2.365)
2026-02-09 11:25:20.415 [http-nio-8080-exec-1] INFO  org.apache.catalina.core.ContainerBase.[Tomcat].[localhost].[/] - Initializing Spring DispatcherServlet 'dispatcherServlet'
2026-02-09 11:25:20.415 [http-nio-8080-exec-1] INFO  org.springframework.web.servlet.DispatcherServlet - Initializing Servlet 'dispatcherServlet'
2026-02-09 11:25:20.424 [http-nio-8080-exec-1] INFO  org.springframework.web.servlet.DispatcherServlet - Completed initialization in 9 ms
2026-02-09 11:25:20.649 [http-nio-8080-exec-1] INFO  com.telecom.controller.RechargeController - Received recharge request for MSISDN: 9178572699 with amount: 1000.0
2026-02-09 11:25:20.649 [http-nio-8080-exec-1] INFO  com.telecom.service.RechargeService - Processing recharge request for MSISDN: 9178572699 with amount: 1000.0
2026-02-09 11:25:20.649 [http-nio-8080-exec-1] INFO  com.telecom.soap.client.RechargeSoapClient - Calling SOAP Recharge service for MSISDN: 9178572699 with amount: 1000.0
2026-02-09 11:25:20.649 [http-nio-8080-exec-1] DEBUG org.springframework.ws.client.core.WebServiceTemplate - Opening [org.springframework.ws.transport.http.HttpUrlConnection@5009bf2a] to [http://localhost:8082/ws]
2026-02-09 11:25:20.697 [http-nio-8080-exec-1] DEBUG org.springframework.ws.client.MessageTracing.sent - Sent request [SaajSoapMessage {http://telecom.com/recharge}RechargeSoapRequest]
2026-02-09 11:25:20.869 [http-nio-8080-exec-1] DEBUG org.springframework.ws.client.MessageTracing.received - Received response [SaajSoapMessage {http://telecom.com/recharge}RechargeSoapResponse] for request [SaajSoapMessage {http://telecom.com/recharge}RechargeSoapRequest]
2026-02-09 11:25:20.889 [http-nio-8080-exec-1] INFO  com.telecom.soap.client.RechargeSoapClient - SOAP Recharge response received - Status: SUCCESS, Message: Recharge successful for 9178572699 with amount 1000.0
2026-02-09 11:25:20.889 [http-nio-8080-exec-1] INFO  com.telecom.service.RechargeService - Recharge processed successfully
2026-02-09 11:25:50.236 [http-nio-8080-exec-4] INFO  com.telecom.controller.RechargeController - Received recharge request for MSISDN: 9178572699 with amount: 1000.0
2026-02-09 11:25:50.236 [http-nio-8080-exec-4] INFO  com.telecom.service.RechargeService - Processing recharge request for MSISDN: 9178572699 with amount: 1000.0
2026-02-09 11:25:50.236 [http-nio-8080-exec-4] INFO  com.telecom.soap.client.RechargeSoapClient - Calling SOAP Recharge service for MSISDN: 9178572699 with amount: 1000.0
2026-02-09 11:25:50.236 [http-nio-8080-exec-4] DEBUG org.springframework.ws.client.core.WebServiceTemplate - Opening [org.springframework.ws.transport.http.HttpUrlConnection@2f5d805b] to [http://localhost:8082/ws]
2026-02-09 11:25:50.236 [http-nio-8080-exec-4] DEBUG org.springframework.ws.client.MessageTracing.sent - Sent request [SaajSoapMessage {http://telecom.com/recharge}RechargeSoapRequest]
2026-02-09 11:25:50.254 [http-nio-8080-exec-4] DEBUG org.springframework.ws.client.MessageTracing.received - Received response [SaajSoapMessage {http://telecom.com/recharge}RechargeSoapResponse] for request [SaajSoapMessage {http://telecom.com/recharge}RechargeSoapRequest]
2026-02-09 11:25:50.254 [http-nio-8080-exec-4] INFO  com.telecom.soap.client.RechargeSoapClient - SOAP Recharge response received - Status: SUCCESS, Message: Recharge successful for 9178572699 with amount 1000.0
2026-02-09 11:25:50.254 [http-nio-8080-exec-4] INFO  com.telecom.service.RechargeService - Recharge processed successfully
2026-02-09 11:26:08.433 [http-nio-8080-exec-7] INFO  com.telecom.controller.RechargeController - Received recharge request for MSISDN: 8018898174 with amount: 10000.0
2026-02-09 11:26:08.435 [http-nio-8080-exec-7] INFO  com.telecom.service.RechargeService - Processing recharge request for MSISDN: 8018898174 with amount: 10000.0
2026-02-09 11:26:08.435 [http-nio-8080-exec-7] INFO  com.telecom.soap.client.RechargeSoapClient - Calling SOAP Recharge service for MSISDN: 8018898174 with amount: 10000.0
2026-02-09 11:26:08.435 [http-nio-8080-exec-7] DEBUG org.springframework.ws.client.core.WebServiceTemplate - Opening [org.springframework.ws.transport.http.HttpUrlConnection@62c534e2] to [http://localhost:8082/ws]
2026-02-09 11:26:08.437 [http-nio-8080-exec-7] DEBUG org.springframework.ws.client.MessageTracing.sent - Sent request [SaajSoapMessage {http://telecom.com/recharge}RechargeSoapRequest]
2026-02-09 11:26:08.450 [http-nio-8080-exec-7] DEBUG org.springframework.ws.client.MessageTracing.received - Received response [SaajSoapMessage {http://telecom.com/recharge}RechargeSoapResponse] for request [SaajSoapMessage {http://telecom.com/recharge}RechargeSoapRequest]
2026-02-09 11:26:08.451 [http-nio-8080-exec-7] INFO  com.telecom.soap.client.RechargeSoapClient - SOAP Recharge response received - Status: SUCCESS, Message: Recharge successful for 8018898174 with amount 10000.0
2026-02-09 11:26:08.451 [http-nio-8080-exec-7] INFO  com.telecom.service.RechargeService - Recharge processed successfully
2026-02-09 11:26:14.970 [http-nio-8080-exec-3] INFO  com.telecom.controller.RechargeController - Received recharge request for MSISDN: 8018898174 with amount: 10000.0
2026-02-09 11:26:14.970 [http-nio-8080-exec-3] INFO  com.telecom.service.RechargeService - Processing recharge request for MSISDN: 8018898174 with amount: 10000.0
2026-02-09 11:26:14.970 [http-nio-8080-exec-3] INFO  com.telecom.soap.client.RechargeSoapClient - Calling SOAP Recharge service for MSISDN: 8018898174 with amount: 10000.0
2026-02-09 11:26:14.970 [http-nio-8080-exec-3] DEBUG org.springframework.ws.client.core.WebServiceTemplate - Opening [org.springframework.ws.transport.http.HttpUrlConnection@37ff2d54] to [http://localhost:8082/ws]
2026-02-09 11:26:14.970 [http-nio-8080-exec-3] DEBUG org.springframework.ws.client.MessageTracing.sent - Sent request [SaajSoapMessage {http://telecom.com/recharge}RechargeSoapRequest]
2026-02-09 11:26:14.987 [http-nio-8080-exec-3] DEBUG org.springframework.ws.client.MessageTracing.received - Received response [SaajSoapMessage {http://telecom.com/recharge}RechargeSoapResponse] for request [SaajSoapMessage {http://telecom.com/recharge}RechargeSoapRequest]
2026-02-09 11:26:14.988 [http-nio-8080-exec-3] INFO  com.telecom.soap.client.RechargeSoapClient - SOAP Recharge response received - Status: SUCCESS, Message: Recharge successful for 8018898174 with amount 10000.0
2026-02-09 11:26:14.988 [http-nio-8080-exec-3] INFO  com.telecom.service.RechargeService - Recharge processed successfully
2026-02-09 11:27:43.750 [http-nio-8080-exec-5] INFO  com.telecom.controller.RechargeController - Received recharge request for MSISDN: 8018898173 with amount: 10000.0
2026-02-09 11:27:43.750 [http-nio-8080-exec-5] INFO  com.telecom.service.RechargeService - Processing recharge request for MSISDN: 8018898173 with amount: 10000.0
2026-02-09 11:27:43.750 [http-nio-8080-exec-5] INFO  com.telecom.soap.client.RechargeSoapClient - Calling SOAP Recharge service for MSISDN: 8018898173 with amount: 10000.0
2026-02-09 11:27:43.750 [http-nio-8080-exec-5] DEBUG org.springframework.ws.client.core.WebServiceTemplate - Opening [org.springframework.ws.transport.http.HttpUrlConnection@798fdfd2] to [http://localhost:8082/ws]
2026-02-09 11:27:43.750 [http-nio-8080-exec-5] DEBUG org.springframework.ws.client.MessageTracing.sent - Sent request [SaajSoapMessage {http://telecom.com/recharge}RechargeSoapRequest]
2026-02-09 11:27:43.777 [http-nio-8080-exec-5] ERROR com.telecom.soap.client.RechargeSoapClient - Error calling SOAP Recharge service
org.springframework.ws.client.WebServiceIOException: I/O error: Connection refused: getsockopt
	at org.springframework.ws.client.core.WebServiceTemplate.sendAndReceive(WebServiceTemplate.java:594)
	at org.springframework.ws.client.core.WebServiceTemplate.marshalSendAndReceive(WebServiceTemplate.java:426)
	at org.springframework.ws.client.core.WebServiceTemplate.marshalSendAndReceive(WebServiceTemplate.java:412)
	at com.telecom.soap.client.RechargeSoapClient.callRecharge(RechargeSoapClient.java:29)
	at com.telecom.adapter.impl.SoapRechargeAdapter.recharge(SoapRechargeAdapter.java:31)
	at com.telecom.service.RechargeService.processRecharge(RechargeService.java:25)
	at com.telecom.controller.RechargeController.recharge(RechargeController.java:32)
	at java.base/jdk.internal.reflect.DirectMethodHandleAccessor.invoke(DirectMethodHandleAccessor.java:103)
	at java.base/java.lang.reflect.Method.invoke(Method.java:580)
	at org.springframework.web.method.support.InvocableHandlerMethod.doInvoke(InvocableHandlerMethod.java:258)
	at org.springframework.web.method.support.InvocableHandlerMethod.invokeForRequest(InvocableHandlerMethod.java:190)
	at org.springframework.web.servlet.mvc.method.annotation.ServletInvocableHandlerMethod.invokeAndHandle(ServletInvocableHandlerMethod.java:117)
	at org.springframework.web.servlet.mvc.method.annotation.RequestMappingHandlerAdapter.invokeHandlerMethod(RequestMappingHandlerAdapter.java:934)
	at org.springframework.web.servlet.mvc.method.annotation.RequestMappingHandlerAdapter.handleInternal(RequestMappingHandlerAdapter.java:853)
	at org.springframework.web.servlet.mvc.method.AbstractHandlerMethodAdapter.handle(AbstractHandlerMethodAdapter.java:86)
	at org.springframework.web.servlet.DispatcherServlet.doDispatch(DispatcherServlet.java:963)
	at org.springframework.web.servlet.DispatcherServlet.doService(DispatcherServlet.java:866)
	at org.springframework.web.servlet.FrameworkServlet.processRequest(FrameworkServlet.java:1003)
	at org.springframework.web.servlet.FrameworkServlet.doPost(FrameworkServlet.java:903)
	at jakarta.servlet.http.HttpServlet.service(HttpServlet.java:649)
	at org.springframework.web.servlet.FrameworkServlet.service(FrameworkServlet.java:874)
	at jakarta.servlet.http.HttpServlet.service(HttpServlet.java:710)
	at org.apache.catalina.core.ApplicationFilterChain.doFilter(ApplicationFilterChain.java:128)
	at org.apache.tomcat.websocket.server.WsFilter.doFilter(WsFilter.java:53)
	at org.apache.catalina.core.ApplicationFilterChain.doFilter(ApplicationFilterChain.java:107)
	at org.springframework.web.filter.RequestContextFilter.doFilterInternal(RequestContextFilter.java:100)
	at org.springframework.web.filter.OncePerRequestFilter.doFilter(OncePerRequestFilter.java:116)
	at org.apache.catalina.core.ApplicationFilterChain.doFilter(ApplicationFilterChain.java:107)
	at org.springframework.web.filter.FormContentFilter.doFilterInternal(FormContentFilter.java:93)
	at org.springframework.web.filter.OncePerRequestFilter.doFilter(OncePerRequestFilter.java:116)
	at org.apache.catalina.core.ApplicationFilterChain.doFilter(ApplicationFilterChain.java:107)
	at org.springframework.web.filter.CharacterEncodingFilter.doFilterInternal(CharacterEncodingFilter.java:199)
	at org.springframework.web.filter.OncePerRequestFilter.doFilter(OncePerRequestFilter.java:116)
	at org.apache.catalina.core.ApplicationFilterChain.doFilter(ApplicationFilterChain.java:107)
	at org.apache.catalina.core.StandardWrapperValve.invoke(StandardWrapperValve.java:165)
	at org.apache.catalina.core.StandardContextValve.invoke(StandardContextValve.java:77)
	at org.apache.catalina.authenticator.AuthenticatorBase.invoke(AuthenticatorBase.java:482)
	at org.apache.catalina.core.StandardHostValve.invoke(StandardHostValve.java:113)
	at org.apache.catalina.valves.ErrorReportValve.invoke(ErrorReportValve.java:83)
	at org.apache.catalina.core.StandardEngineValve.invoke(StandardEngineValve.java:72)
	at org.apache.catalina.connector.CoyoteAdapter.service(CoyoteAdapter.java:341)
	at org.apache.coyote.http11.Http11Processor.service(Http11Processor.java:397)
	at org.apache.coyote.AbstractProcessorLight.process(AbstractProcessorLight.java:63)
	at org.apache.coyote.AbstractProtocol$ConnectionHandler.process(AbstractProtocol.java:903)
	at org.apache.tomcat.util.net.NioEndpoint$SocketProcessor.doRun(NioEndpoint.java:1778)
	at org.apache.tomcat.util.net.SocketProcessorBase.run(SocketProcessorBase.java:52)
	at org.apache.tomcat.util.threads.ThreadPoolExecutor.runWorker(ThreadPoolExecutor.java:946)
	at org.apache.tomcat.util.threads.ThreadPoolExecutor$Worker.run(ThreadPoolExecutor.java:480)
	at org.apache.tomcat.util.threads.TaskThread$WrappingRunnable.run(TaskThread.java:57)
	at java.base/java.lang.Thread.run(Thread.java:1583)
Caused by: java.net.ConnectException: Connection refused: getsockopt
	at java.base/sun.nio.ch.Net.pollConnect(Native Method)
	at java.base/sun.nio.ch.Net.pollConnectNow(Net.java:682)
	at java.base/sun.nio.ch.NioSocketImpl.timedFinishConnect(NioSocketImpl.java:542)
	at java.base/sun.nio.ch.NioSocketImpl.connect(NioSocketImpl.java:592)
	at java.base/java.net.Socket.connect(Socket.java:751)
	at java.base/sun.net.NetworkClient.doConnect(NetworkClient.java:178)
	at java.base/sun.net.www.http.HttpClient.openServer(HttpClient.java:531)
	at java.base/sun.net.www.http.HttpClient.openServer(HttpClient.java:636)
	at java.base/sun.net.www.http.HttpClient.<init>(HttpClient.java:282)
	at java.base/sun.net.www.http.HttpClient.New(HttpClient.java:386)
	at java.base/sun.net.www.http.HttpClient.New(HttpClient.java:408)
	at java.base/sun.net.www.protocol.http.HttpURLConnection.getNewHttpClient(HttpURLConnection.java:1320)
	at java.base/sun.net.www.protocol.http.HttpURLConnection.plainConnect0(HttpURLConnection.java:1253)
	at java.base/sun.net.www.protocol.http.HttpURLConnection.plainConnect(HttpURLConnection.java:1139)
	at java.base/sun.net.www.protocol.http.HttpURLConnection.connect(HttpURLConnection.java:1068)
	at java.base/sun.net.www.protocol.http.HttpURLConnection.getOutputStream0(HttpURLConnection.java:1462)
	at java.base/sun.net.www.protocol.http.HttpURLConnection.getOutputStream(HttpURLConnection.java:1433)
	at org.springframework.ws.transport.http.HttpUrlConnection.getRequestOutputStream(HttpUrlConnection.java:90)
	at org.springframework.ws.transport.AbstractSenderConnection$RequestTransportOutputStream.createOutputStream(AbstractSenderConnection.java:89)
	at org.springframework.ws.transport.TransportOutputStream.getOutputStream(TransportOutputStream.java:44)
	at org.springframework.ws.transport.TransportOutputStream.write(TransportOutputStream.java:71)
	at com.sun.xml.messaging.saaj.soap.MessageImpl.writeTo(MessageImpl.java:1395)
	at org.springframework.ws.soap.saaj.SaajSoapMessage.writeTo(SaajSoapMessage.java:268)
	at org.springframework.ws.transport.AbstractWebServiceConnection.send(AbstractWebServiceConnection.java:48)
	at org.springframework.ws.client.core.WebServiceTemplate.sendRequest(WebServiceTemplate.java:693)
	at org.springframework.ws.client.core.WebServiceTemplate.doSendAndReceive(WebServiceTemplate.java:643)
	at org.springframework.ws.client.core.WebServiceTemplate.sendAndReceive(WebServiceTemplate.java:588)
	... 49 more
2026-02-09 11:27:43.778 [http-nio-8080-exec-5] ERROR com.telecom.service.RechargeService - Error processing recharge
org.springframework.ws.client.WebServiceIOException: I/O error: Connection refused: getsockopt
	at org.springframework.ws.client.core.WebServiceTemplate.sendAndReceive(WebServiceTemplate.java:594)
	at org.springframework.ws.client.core.WebServiceTemplate.marshalSendAndReceive(WebServiceTemplate.java:426)
	at org.springframework.ws.client.core.WebServiceTemplate.marshalSendAndReceive(WebServiceTemplate.java:412)
	at com.telecom.soap.client.RechargeSoapClient.callRecharge(RechargeSoapClient.java:29)
	at com.telecom.adapter.impl.SoapRechargeAdapter.recharge(SoapRechargeAdapter.java:31)
	at com.telecom.service.RechargeService.processRecharge(RechargeService.java:25)
	at com.telecom.controller.RechargeController.recharge(RechargeController.java:32)
	at java.base/jdk.internal.reflect.DirectMethodHandleAccessor.invoke(DirectMethodHandleAccessor.java:103)
	at java.base/java.lang.reflect.Method.invoke(Method.java:580)
	at org.springframework.web.method.support.InvocableHandlerMethod.doInvoke(InvocableHandlerMethod.java:258)
	at org.springframework.web.method.support.InvocableHandlerMethod.invokeForRequest(InvocableHandlerMethod.java:190)
	at org.springframework.web.servlet.mvc.method.annotation.ServletInvocableHandlerMethod.invokeAndHandle(ServletInvocableHandlerMethod.java:117)
	at org.springframework.web.servlet.mvc.method.annotation.RequestMappingHandlerAdapter.invokeHandlerMethod(RequestMappingHandlerAdapter.java:934)
	at org.springframework.web.servlet.mvc.method.annotation.RequestMappingHandlerAdapter.handleInternal(RequestMappingHandlerAdapter.java:853)
	at org.springframework.web.servlet.mvc.method.AbstractHandlerMethodAdapter.handle(AbstractHandlerMethodAdapter.java:86)
	at org.springframework.web.servlet.DispatcherServlet.doDispatch(DispatcherServlet.java:963)
	at org.springframework.web.servlet.DispatcherServlet.doService(DispatcherServlet.java:866)
	at org.springframework.web.servlet.FrameworkServlet.processRequest(FrameworkServlet.java:1003)
	at org.springframework.web.servlet.FrameworkServlet.doPost(FrameworkServlet.java:903)
	at jakarta.servlet.http.HttpServlet.service(HttpServlet.java:649)
	at org.springframework.web.servlet.FrameworkServlet.service(FrameworkServlet.java:874)
	at jakarta.servlet.http.HttpServlet.service(HttpServlet.java:710)
	at org.apache.catalina.core.ApplicationFilterChain.doFilter(ApplicationFilterChain.java:128)
	at org.apache.tomcat.websocket.server.WsFilter.doFilter(WsFilter.java:53)
	at org.apache.catalina.core.ApplicationFilterChain.doFilter(ApplicationFilterChain.java:107)
	at org.springframework.web.filter.RequestContextFilter.doFilterInternal(RequestContextFilter.java:100)
	at org.springframework.web.filter.OncePerRequestFilter.doFilter(OncePerRequestFilter.java:116)
	at org.apache.catalina.core.ApplicationFilterChain.doFilter(ApplicationFilterChain.java:107)
	at org.springframework.web.filter.FormContentFilter.doFilterInternal(FormContentFilter.java:93)
	at org.springframework.web.filter.OncePerRequestFilter.doFilter(OncePerRequestFilter.java:116)
	at org.apache.catalina.core.ApplicationFilterChain.doFilter(ApplicationFilterChain.java:107)
	at org.springframework.web.filter.CharacterEncodingFilter.doFilterInternal(CharacterEncodingFilter.java:199)
	at org.springframework.web.filter.OncePerRequestFilter.doFilter(OncePerRequestFilter.java:116)
	at org.apache.catalina.core.ApplicationFilterChain.doFilter(ApplicationFilterChain.java:107)
	at org.apache.catalina.core.StandardWrapperValve.invoke(StandardWrapperValve.java:165)
	at org.apache.catalina.core.StandardContextValve.invoke(StandardContextValve.java:77)
	at org.apache.catalina.authenticator.AuthenticatorBase.invoke(AuthenticatorBase.java:482)
	at org.apache.catalina.core.StandardHostValve.invoke(StandardHostValve.java:113)
	at org.apache.catalina.valves.ErrorReportValve.invoke(ErrorReportValve.java:83)
	at org.apache.catalina.core.StandardEngineValve.invoke(StandardEngineValve.java:72)
	at org.apache.catalina.connector.CoyoteAdapter.service(CoyoteAdapter.java:341)
	at org.apache.coyote.http11.Http11Processor.service(Http11Processor.java:397)
	at org.apache.coyote.AbstractProcessorLight.process(AbstractProcessorLight.java:63)
	at org.apache.coyote.AbstractProtocol$ConnectionHandler.process(AbstractProtocol.java:903)
	at org.apache.tomcat.util.net.NioEndpoint$SocketProcessor.doRun(NioEndpoint.java:1778)
	at org.apache.tomcat.util.net.SocketProcessorBase.run(SocketProcessorBase.java:52)
	at org.apache.tomcat.util.threads.ThreadPoolExecutor.runWorker(ThreadPoolExecutor.java:946)
	at org.apache.tomcat.util.threads.ThreadPoolExecutor$Worker.run(ThreadPoolExecutor.java:480)
	at org.apache.tomcat.util.threads.TaskThread$WrappingRunnable.run(TaskThread.java:57)
	at java.base/java.lang.Thread.run(Thread.java:1583)
Caused by: java.net.ConnectException: Connection refused: getsockopt
	at java.base/sun.nio.ch.Net.pollConnect(Native Method)
	at java.base/sun.nio.ch.Net.pollConnectNow(Net.java:682)
	at java.base/sun.nio.ch.NioSocketImpl.timedFinishConnect(NioSocketImpl.java:542)
	at java.base/sun.nio.ch.NioSocketImpl.connect(NioSocketImpl.java:592)
	at java.base/java.net.Socket.connect(Socket.java:751)
	at java.base/sun.net.NetworkClient.doConnect(NetworkClient.java:178)
	at java.base/sun.net.www.http.HttpClient.openServer(HttpClient.java:531)
	at java.base/sun.net.www.http.HttpClient.openServer(HttpClient.java:636)
	at java.base/sun.net.www.http.HttpClient.<init>(HttpClient.java:282)
	at java.base/sun.net.www.http.HttpClient.New(HttpClient.java:386)
	at java.base/sun.net.www.http.HttpClient.New(HttpClient.java:408)
	at java.base/sun.net.www.protocol.http.HttpURLConnection.getNewHttpClient(HttpURLConnection.java:1320)
	at java.base/sun.net.www.protocol.http.HttpURLConnection.plainConnect0(HttpURLConnection.java:1253)
	at java.base/sun.net.www.protocol.http.HttpURLConnection.plainConnect(HttpURLConnection.java:1139)
	at java.base/sun.net.www.protocol.http.HttpURLConnection.connect(HttpURLConnection.java:1068)
	at java.base/sun.net.www.protocol.http.HttpURLConnection.getOutputStream0(HttpURLConnection.java:1462)
	at java.base/sun.net.www.protocol.http.HttpURLConnection.getOutputStream(HttpURLConnection.java:1433)
	at org.springframework.ws.transport.http.HttpUrlConnection.getRequestOutputStream(HttpUrlConnection.java:90)
	at org.springframework.ws.transport.AbstractSenderConnection$RequestTransportOutputStream.createOutputStream(AbstractSenderConnection.java:89)
	at org.springframework.ws.transport.TransportOutputStream.getOutputStream(TransportOutputStream.java:44)
	at org.springframework.ws.transport.TransportOutputStream.write(TransportOutputStream.java:71)
	at com.sun.xml.messaging.saaj.soap.MessageImpl.writeTo(MessageImpl.java:1395)
	at org.springframework.ws.soap.saaj.SaajSoapMessage.writeTo(SaajSoapMessage.java:268)
	at org.springframework.ws.transport.AbstractWebServiceConnection.send(AbstractWebServiceConnection.java:48)
	at org.springframework.ws.client.core.WebServiceTemplate.sendRequest(WebServiceTemplate.java:693)
	at org.springframework.ws.client.core.WebServiceTemplate.doSendAndReceive(WebServiceTemplate.java:643)
	at org.springframework.ws.client.core.WebServiceTemplate.sendAndReceive(WebServiceTemplate.java:588)
	... 49 more
2026-02-09 11:27:43.785 [http-nio-8080-exec-5] ERROR org.apache.catalina.core.ContainerBase.[Tomcat].[localhost].[/].[dispatcherServlet] - Servlet.service() for servlet [dispatcherServlet] in context with path [] threw exception [Request processing failed: org.springframework.ws.client.WebServiceIOException: I/O error: Connection refused: getsockopt] with root cause
java.net.ConnectException: Connection refused: getsockopt
	at java.base/sun.nio.ch.Net.pollConnect(Native Method)
	at java.base/sun.nio.ch.Net.pollConnectNow(Net.java:682)
	at java.base/sun.nio.ch.NioSocketImpl.timedFinishConnect(NioSocketImpl.java:542)
	at java.base/sun.nio.ch.NioSocketImpl.connect(NioSocketImpl.java:592)
	at java.base/java.net.Socket.connect(Socket.java:751)
	at java.base/sun.net.NetworkClient.doConnect(NetworkClient.java:178)
	at java.base/sun.net.www.http.HttpClient.openServer(HttpClient.java:531)
	at java.base/sun.net.www.http.HttpClient.openServer(HttpClient.java:636)
	at java.base/sun.net.www.http.HttpClient.<init>(HttpClient.java:282)
	at java.base/sun.net.www.http.HttpClient.New(HttpClient.java:386)
	at java.base/sun.net.www.http.HttpClient.New(HttpClient.java:408)
	at java.base/sun.net.www.protocol.http.HttpURLConnection.getNewHttpClient(HttpURLConnection.java:1320)
	at java.base/sun.net.www.protocol.http.HttpURLConnection.plainConnect0(HttpURLConnection.java:1253)
	at java.base/sun.net.www.protocol.http.HttpURLConnection.plainConnect(HttpURLConnection.java:1139)
	at java.base/sun.net.www.protocol.http.HttpURLConnection.connect(HttpURLConnection.java:1068)
	at java.base/sun.net.www.protocol.http.HttpURLConnection.getOutputStream0(HttpURLConnection.java:1462)
	at java.base/sun.net.www.protocol.http.HttpURLConnection.getOutputStream(HttpURLConnection.java:1433)
	at org.springframework.ws.transport.http.HttpUrlConnection.getRequestOutputStream(HttpUrlConnection.java:90)
	at org.springframework.ws.transport.AbstractSenderConnection$RequestTransportOutputStream.createOutputStream(AbstractSenderConnection.java:89)
	at org.springframework.ws.transport.TransportOutputStream.getOutputStream(TransportOutputStream.java:44)
	at org.springframework.ws.transport.TransportOutputStream.write(TransportOutputStream.java:71)
	at com.sun.xml.messaging.saaj.soap.MessageImpl.writeTo(MessageImpl.java:1395)
	at org.springframework.ws.soap.saaj.SaajSoapMessage.writeTo(SaajSoapMessage.java:268)
	at org.springframework.ws.transport.AbstractWebServiceConnection.send(AbstractWebServiceConnection.java:48)
	at org.springframework.ws.client.core.WebServiceTemplate.sendRequest(WebServiceTemplate.java:693)
	at org.springframework.ws.client.core.WebServiceTemplate.doSendAndReceive(WebServiceTemplate.java:643)
	at org.springframework.ws.client.core.WebServiceTemplate.sendAndReceive(WebServiceTemplate.java:588)
	at org.springframework.ws.client.core.WebServiceTemplate.marshalSendAndReceive(WebServiceTemplate.java:426)
	at org.springframework.ws.client.core.WebServiceTemplate.marshalSendAndReceive(WebServiceTemplate.java:412)
	at com.telecom.soap.client.RechargeSoapClient.callRecharge(RechargeSoapClient.java:29)
	at com.telecom.adapter.impl.SoapRechargeAdapter.recharge(SoapRechargeAdapter.java:31)
	at com.telecom.service.RechargeService.processRecharge(RechargeService.java:25)
	at com.telecom.controller.RechargeController.recharge(RechargeController.java:32)
	at java.base/jdk.internal.reflect.DirectMethodHandleAccessor.invoke(DirectMethodHandleAccessor.java:103)
	at java.base/java.lang.reflect.Method.invoke(Method.java:580)
	at org.springframework.web.method.support.InvocableHandlerMethod.doInvoke(InvocableHandlerMethod.java:258)
	at org.springframework.web.method.support.InvocableHandlerMethod.invokeForRequest(InvocableHandlerMethod.java:190)
	at org.springframework.web.servlet.mvc.method.annotation.ServletInvocableHandlerMethod.invokeAndHandle(ServletInvocableHandlerMethod.java:117)
	at org.springframework.web.servlet.mvc.method.annotation.RequestMappingHandlerAdapter.invokeHandlerMethod(RequestMappingHandlerAdapter.java:934)
	at org.springframework.web.servlet.mvc.method.annotation.RequestMappingHandlerAdapter.handleInternal(RequestMappingHandlerAdapter.java:853)
	at org.springframework.web.servlet.mvc.method.AbstractHandlerMethodAdapter.handle(AbstractHandlerMethodAdapter.java:86)
	at org.springframework.web.servlet.DispatcherServlet.doDispatch(DispatcherServlet.java:963)
	at org.springframework.web.servlet.DispatcherServlet.doService(DispatcherServlet.java:866)
	at org.springframework.web.servlet.FrameworkServlet.processRequest(FrameworkServlet.java:1003)
	at org.springframework.web.servlet.FrameworkServlet.doPost(FrameworkServlet.java:903)
	at jakarta.servlet.http.HttpServlet.service(HttpServlet.java:649)
	at org.springframework.web.servlet.FrameworkServlet.service(FrameworkServlet.java:874)
	at jakarta.servlet.http.HttpServlet.service(HttpServlet.java:710)
	at org.apache.catalina.core.ApplicationFilterChain.doFilter(ApplicationFilterChain.java:128)
	at org.apache.tomcat.websocket.server.WsFilter.doFilter(WsFilter.java:53)
	at org.apache.catalina.core.ApplicationFilterChain.doFilter(ApplicationFilterChain.java:107)
	at org.springframework.web.filter.RequestContextFilter.doFilterInternal(RequestContextFilter.java:100)
	at org.springframework.web.filter.OncePerRequestFilter.doFilter(OncePerRequestFilter.java:116)
	at org.apache.catalina.core.ApplicationFilterChain.doFilter(ApplicationFilterChain.java:107)
	at org.springframework.web.filter.FormContentFilter.doFilterInternal(FormContentFilter.java:93)
	at org.springframework.web.filter.OncePerRequestFilter.doFilter(OncePerRequestFilter.java:116)
	at org.apache.catalina.core.ApplicationFilterChain.doFilter(ApplicationFilterChain.java:107)
	at org.springframework.web.filter.CharacterEncodingFilter.doFilterInternal(CharacterEncodingFilter.java:199)
	at org.springframework.web.filter.OncePerRequestFilter.doFilter(OncePerRequestFilter.java:116)
	at org.apache.catalina.core.ApplicationFilterChain.doFilter(ApplicationFilterChain.java:107)
	at org.apache.catalina.core.StandardWrapperValve.invoke(StandardWrapperValve.java:165)
	at org.apache.catalina.core.StandardContextValve.invoke(StandardContextValve.java:77)
	at org.apache.catalina.authenticator.AuthenticatorBase.invoke(AuthenticatorBase.java:482)
	at org.apache.catalina.core.StandardHostValve.invoke(StandardHostValve.java:113)
	at org.apache.catalina.valves.ErrorReportValve.invoke(ErrorReportValve.java:83)
	at org.apache.catalina.core.StandardEngineValve.invoke(StandardEngineValve.java:72)
	at org.apache.catalina.connector.CoyoteAdapter.service(CoyoteAdapter.java:341)
	at org.apache.coyote.http11.Http11Processor.service(Http11Processor.java:397)
	at org.apache.coyote.AbstractProcessorLight.process(AbstractProcessorLight.java:63)
	at org.apache.coyote.AbstractProtocol$ConnectionHandler.process(AbstractProtocol.java:903)
	at org.apache.tomcat.util.net.NioEndpoint$SocketProcessor.doRun(NioEndpoint.java:1778)
	at org.apache.tomcat.util.net.SocketProcessorBase.run(SocketProcessorBase.java:52)
	at org.apache.tomcat.util.threads.ThreadPoolExecutor.runWorker(ThreadPoolExecutor.java:946)
	at org.apache.tomcat.util.threads.ThreadPoolExecutor$Worker.run(ThreadPoolExecutor.java:480)
	at org.apache.tomcat.util.threads.TaskThread$WrappingRunnable.run(TaskThread.java:57)
	at java.base/java.lang.Thread.run(Thread.java:1583)
2026-02-09 11:39:24.205 [RMI TCP Connection(16)-127.0.0.1] INFO  org.springframework.boot.admin.SpringApplicationAdminMXBeanRegistrar$SpringApplicationAdmin - Application shutdown requested.
2026-02-09 11:39:24.260 [RMI TCP Connection(16)-127.0.0.1] INFO  org.springframework.boot.tomcat.GracefulShutdown - Commencing graceful shutdown. Waiting for active requests to complete
2026-02-09 11:39:24.273 [tomcat-shutdown] INFO  org.apache.coyote.http11.Http11NioProtocol - Pausing ProtocolHandler ["http-nio-8080"]
2026-02-09 11:39:24.311 [tomcat-shutdown] INFO  org.springframework.boot.tomcat.GracefulShutdown - Graceful shutdown complete
2026-02-09 11:39:24.313 [RMI TCP Connection(16)-127.0.0.1] INFO  org.apache.coyote.http11.Http11NioProtocol - Stopping ProtocolHandler ["http-nio-8080"]
