2026-03-27 08:23:06.297 [main] INFO  org.springframework.test.context.support.AnnotationConfigContextLoaderUtils - Could not detect default configuration classes for test class [com.telecom.MiddlewareApplicationTests]: MiddlewareApplicationTests does not declare any static, non-private, non-final, nested classes annotated with @Configuration.
2026-03-27 08:23:06.425 [main] INFO  org.springframework.boot.test.context.SpringBootTestContextBootstrapper - Found @SpringBootConfiguration com.telecom.MiddlewareApplication for test class com.telecom.MiddlewareApplicationTests
2026-03-27 08:23:06.646 [main] INFO  org.springframework.boot.devtools.restart.RestartApplicationListener - Restart disabled due to context in which it is running
2026-03-27 08:23:06.891 [main] INFO  com.telecom.MiddlewareApplicationTests - Starting MiddlewareApplicationTests using Java 21.0.8 with PID 13020 (started by Welcome in D:\InterviewPreparation\Middleware)
2026-03-27 08:23:06.893 [main] DEBUG com.telecom.MiddlewareApplicationTests - Running with Spring Boot v4.0.2, Spring v7.0.3
2026-03-27 08:23:06.895 [main] INFO  com.telecom.MiddlewareApplicationTests - No active profile set, falling back to 1 default profile: "default"
2026-03-27 08:23:07.214 [background-preinit] INFO  org.hibernate.validator.internal.util.Version - HV000001: Hibernate Validator 9.0.1.Final
2026-03-27 08:23:07.795 [main] INFO  org.springframework.ws.soap.saaj.SaajSoapMessageFactory - Creating SAAJ 1.3 MessageFactory with SOAP 1.1 Protocol
2026-03-27 08:23:07.807 [main] DEBUG org.springframework.ws.soap.saaj.SaajSoapMessageFactory - Using MessageFactory class [com.sun.xml.messaging.saaj.soap.ver1_1.SOAPMessageFactory1_1Impl]
2026-03-27 08:23:08.322 [main] DEBUG org.springframework.ws.server.endpoint.mapping.PayloadRootAnnotationMethodEndpointMapping - Looking for endpoints in application context: org.springframework.web.context.support.GenericWebApplicationContext@13dbed9e, started on Fri Mar 27 08:23:06 IST 2026
2026-03-27 08:23:08.326 [main] DEBUG org.springframework.ws.soap.server.endpoint.mapping.SoapActionAnnotationMethodEndpointMapping - Looking for endpoints in application context: org.springframework.web.context.support.GenericWebApplicationContext@13dbed9e, started on Fri Mar 27 08:23:06 IST 2026
2026-03-27 08:23:08.363 [main] INFO  org.springframework.ws.soap.addressing.server.AnnotationActionEndpointMapping - Supporting [WS-Addressing August 2004, WS-Addressing 1.0]
2026-03-27 08:23:08.372 [main] DEBUG org.springframework.ws.server.endpoint.adapter.DefaultMethodEndpointAdapter - No MethodArgumentResolvers set, using defaults: [org.springframework.ws.server.endpoint.adapter.method.dom.DomPayloadMethodProcessor@67c0c90b, org.springframework.ws.server.endpoint.adapter.method.MessageContextMethodArgumentResolver@8549c5f, org.springframework.ws.server.endpoint.adapter.method.SourcePayloadMethodProcessor@35454c7a, org.springframework.ws.server.endpoint.adapter.method.XPathParamMethodArgumentResolver@50f3ba6a, org.springframework.ws.soap.server.endpoint.adapter.method.SoapMethodArgumentResolver@319aa9ee, org.springframework.ws.soap.server.endpoint.adapter.method.SoapHeaderElementMethodArgumentResolver@1d806de6, org.springframework.ws.server.endpoint.adapter.method.jaxb.XmlRootElementPayloadMethodProcessor@2b9d4b0, org.springframework.ws.server.endpoint.adapter.method.jaxb.JaxbElementPayloadMethodProcessor@4f541e67, org.springframework.ws.server.endpoint.adapter.method.StaxPayloadMethodArgumentResolver@2be50bba]
2026-03-27 08:23:08.372 [main] DEBUG org.springframework.ws.server.endpoint.adapter.DefaultMethodEndpointAdapter - No MethodReturnValueHandlers set, using defaults: [org.springframework.ws.server.endpoint.adapter.method.dom.DomPayloadMethodProcessor@3514ac7d, org.springframework.ws.server.endpoint.adapter.method.SourcePayloadMethodProcessor@79c4f23b, org.springframework.ws.server.endpoint.adapter.method.jaxb.XmlRootElementPayloadMethodProcessor@160c7c42, org.springframework.ws.server.endpoint.adapter.method.jaxb.JaxbElementPayloadMethodProcessor@15371de2]
2026-03-27 08:23:08.401 [main] INFO  com.telecom.MiddlewareApplicationTests - Started MiddlewareApplicationTests in 1.775 seconds (process running for 3.5)
2026-03-27 08:27:30.634 [main] INFO  org.springframework.test.context.support.AnnotationConfigContextLoaderUtils - Could not detect default configuration classes for test class [com.telecom.MiddlewareApplicationTests]: MiddlewareApplicationTests does not declare any static, non-private, non-final, nested classes annotated with @Configuration.
2026-03-27 08:27:30.717 [main] INFO  org.springframework.boot.test.context.SpringBootTestContextBootstrapper - Found @SpringBootConfiguration com.telecom.MiddlewareApplication for test class com.telecom.MiddlewareApplicationTests
2026-03-27 08:27:30.892 [main] INFO  org.springframework.boot.devtools.restart.RestartApplicationListener - Restart disabled due to context in which it is running
2026-03-27 08:27:31.095 [main] INFO  com.telecom.MiddlewareApplicationTests - Starting MiddlewareApplicationTests using Java 21.0.8 with PID 16000 (started by Welcome in D:\InterviewPreparation\Middleware)
2026-03-27 08:27:31.095 [main] DEBUG com.telecom.MiddlewareApplicationTests - Running with Spring Boot v4.0.2, Spring v7.0.3
2026-03-27 08:27:31.095 [main] INFO  com.telecom.MiddlewareApplicationTests - No active profile set, falling back to 1 default profile: "default"
2026-03-27 08:27:31.376 [background-preinit] INFO  org.hibernate.validator.internal.util.Version - HV000001: Hibernate Validator 9.0.1.Final
2026-03-27 08:27:31.976 [main] INFO  org.springframework.ws.soap.saaj.SaajSoapMessageFactory - Creating SAAJ 1.3 MessageFactory with SOAP 1.1 Protocol
2026-03-27 08:27:31.987 [main] DEBUG org.springframework.ws.soap.saaj.SaajSoapMessageFactory - Using MessageFactory class [com.sun.xml.messaging.saaj.soap.ver1_1.SOAPMessageFactory1_1Impl]
2026-03-27 08:27:32.413 [main] DEBUG org.springframework.ws.server.endpoint.mapping.PayloadRootAnnotationMethodEndpointMapping - Looking for endpoints in application context: org.springframework.web.context.support.GenericWebApplicationContext@340d6d89, started on Fri Mar 27 08:27:31 IST 2026
2026-03-27 08:27:32.416 [main] DEBUG org.springframework.ws.soap.server.endpoint.mapping.SoapActionAnnotationMethodEndpointMapping - Looking for endpoints in application context: org.springframework.web.context.support.GenericWebApplicationContext@340d6d89, started on Fri Mar 27 08:27:31 IST 2026
2026-03-27 08:27:32.455 [main] INFO  org.springframework.ws.soap.addressing.server.AnnotationActionEndpointMapping - Supporting [WS-Addressing August 2004, WS-Addressing 1.0]
2026-03-27 08:27:32.466 [main] DEBUG org.springframework.ws.server.endpoint.adapter.DefaultMethodEndpointAdapter - No MethodArgumentResolvers set, using defaults: [org.springframework.ws.server.endpoint.adapter.method.dom.DomPayloadMethodProcessor@7fc1fd31, org.springframework.ws.server.endpoint.adapter.method.MessageContextMethodArgumentResolver@75a9cc24, org.springframework.ws.server.endpoint.adapter.method.SourcePayloadMethodProcessor@4449a60b, org.springframework.ws.server.endpoint.adapter.method.XPathParamMethodArgumentResolver@da5d5e1, org.springframework.ws.soap.server.endpoint.adapter.method.SoapMethodArgumentResolver@7d7d8911, org.springframework.ws.soap.server.endpoint.adapter.method.SoapHeaderElementMethodArgumentResolver@460eb276, org.springframework.ws.server.endpoint.adapter.method.jaxb.XmlRootElementPayloadMethodProcessor@4ffe3d42, org.springframework.ws.server.endpoint.adapter.method.jaxb.JaxbElementPayloadMethodProcessor@6cd7f381, org.springframework.ws.server.endpoint.adapter.method.StaxPayloadMethodArgumentResolver@7df3da0b]
2026-03-27 08:27:32.467 [main] DEBUG org.springframework.ws.server.endpoint.adapter.DefaultMethodEndpointAdapter - No MethodReturnValueHandlers set, using defaults: [org.springframework.ws.server.endpoint.adapter.method.dom.DomPayloadMethodProcessor@4e5d5ac1, org.springframework.ws.server.endpoint.adapter.method.SourcePayloadMethodProcessor@70777a65, org.springframework.ws.server.endpoint.adapter.method.jaxb.XmlRootElementPayloadMethodProcessor@236fd411, org.springframework.ws.server.endpoint.adapter.method.jaxb.JaxbElementPayloadMethodProcessor@402f61f5]
2026-03-27 08:27:32.487 [main] INFO  com.telecom.MiddlewareApplicationTests - Started MiddlewareApplicationTests in 1.605 seconds (process running for 3.115)
2026-03-27 08:31:54.035 [restartedMain] INFO  com.telecom.MiddlewareApplication - Starting MiddlewareApplication using Java 21.0.8 with PID 9924 (D:\InterviewPreparation\Middleware\target\classes started by Welcome in D:\InterviewPreparation\Middleware)
2026-03-27 08:31:54.039 [restartedMain] DEBUG com.telecom.MiddlewareApplication - Running with Spring Boot v4.0.2, Spring v7.0.3
2026-03-27 08:31:54.041 [restartedMain] INFO  com.telecom.MiddlewareApplication - No active profile set, falling back to 1 default profile: "default"
2026-03-27 08:31:54.089 [restartedMain] INFO  org.springframework.boot.devtools.env.DevToolsPropertyDefaultsPostProcessor - Devtools property defaults active! Set 'spring.devtools.add-properties' to 'false' to disable
2026-03-27 08:31:54.089 [restartedMain] INFO  org.springframework.boot.devtools.env.DevToolsPropertyDefaultsPostProcessor - For additional web related logging consider setting the 'logging.level.web' property to 'DEBUG'
2026-03-27 08:31:54.269 [background-preinit] INFO  org.hibernate.validator.internal.util.Version - HV000001: Hibernate Validator 9.0.1.Final
2026-03-27 08:31:55.063 [restartedMain] INFO  org.springframework.boot.tomcat.TomcatWebServer - Tomcat initialized with port 8080 (http)
2026-03-27 08:31:55.078 [restartedMain] INFO  org.apache.coyote.http11.Http11NioProtocol - Initializing ProtocolHandler ["http-nio-8080"]
2026-03-27 08:31:55.080 [restartedMain] INFO  org.apache.catalina.core.StandardService - Starting service [Tomcat]
2026-03-27 08:31:55.080 [restartedMain] INFO  org.apache.catalina.core.StandardEngine - Starting Servlet engine: [Apache Tomcat/11.0.15]
2026-03-27 08:31:55.126 [restartedMain] INFO  org.springframework.boot.web.context.servlet.WebApplicationContextInitializer - Root WebApplicationContext: initialization completed in 1036 ms
2026-03-27 08:31:55.318 [restartedMain] INFO  org.springframework.ws.soap.saaj.SaajSoapMessageFactory - Creating SAAJ 1.3 MessageFactory with SOAP 1.1 Protocol
2026-03-27 08:31:55.331 [restartedMain] DEBUG org.springframework.ws.soap.saaj.SaajSoapMessageFactory - Using MessageFactory class [com.sun.xml.messaging.saaj.soap.ver1_1.SOAPMessageFactory1_1Impl]
2026-03-27 08:31:55.650 [restartedMain] DEBUG org.springframework.ws.server.endpoint.mapping.PayloadRootAnnotationMethodEndpointMapping - Looking for endpoints in application context: org.springframework.boot.web.server.servlet.context.AnnotationConfigServletWebServerApplicationContext@1dcb1936, started on Fri Mar 27 08:31:54 IST 2026
2026-03-27 08:31:55.653 [restartedMain] DEBUG org.springframework.ws.soap.server.endpoint.mapping.SoapActionAnnotationMethodEndpointMapping - Looking for endpoints in application context: org.springframework.boot.web.server.servlet.context.AnnotationConfigServletWebServerApplicationContext@1dcb1936, started on Fri Mar 27 08:31:54 IST 2026
2026-03-27 08:31:55.692 [restartedMain] INFO  org.springframework.ws.soap.addressing.server.AnnotationActionEndpointMapping - Supporting [WS-Addressing August 2004, WS-Addressing 1.0]
2026-03-27 08:31:55.703 [restartedMain] DEBUG org.springframework.ws.server.endpoint.adapter.DefaultMethodEndpointAdapter - No MethodArgumentResolvers set, using defaults: [org.springframework.ws.server.endpoint.adapter.method.dom.DomPayloadMethodProcessor@5dfb713c, org.springframework.ws.server.endpoint.adapter.method.MessageContextMethodArgumentResolver@663b64e3, org.springframework.ws.server.endpoint.adapter.method.SourcePayloadMethodProcessor@24b5ea4, org.springframework.ws.server.endpoint.adapter.method.XPathParamMethodArgumentResolver@68352cb2, org.springframework.ws.soap.server.endpoint.adapter.method.SoapMethodArgumentResolver@6ec1c219, org.springframework.ws.soap.server.endpoint.adapter.method.SoapHeaderElementMethodArgumentResolver@53e0bf5e, org.springframework.ws.server.endpoint.adapter.method.jaxb.XmlRootElementPayloadMethodProcessor@b8665f8, org.springframework.ws.server.endpoint.adapter.method.jaxb.JaxbElementPayloadMethodProcessor@4a178886, org.springframework.ws.server.endpoint.adapter.method.StaxPayloadMethodArgumentResolver@2a264ad7]
2026-03-27 08:31:55.703 [restartedMain] DEBUG org.springframework.ws.server.endpoint.adapter.DefaultMethodEndpointAdapter - No MethodReturnValueHandlers set, using defaults: [org.springframework.ws.server.endpoint.adapter.method.dom.DomPayloadMethodProcessor@7cea1a82, org.springframework.ws.server.endpoint.adapter.method.SourcePayloadMethodProcessor@447b0942, org.springframework.ws.server.endpoint.adapter.method.jaxb.XmlRootElementPayloadMethodProcessor@325efaf3, org.springframework.ws.server.endpoint.adapter.method.jaxb.JaxbElementPayloadMethodProcessor@2a366e9d]
2026-03-27 08:31:55.723 [restartedMain] INFO  org.apache.coyote.http11.Http11NioProtocol - Starting ProtocolHandler ["http-nio-8080"]
2026-03-27 08:31:55.745 [restartedMain] INFO  org.springframework.boot.tomcat.TomcatWebServer - Tomcat started on port 8080 (http) with context path '/'
2026-03-27 08:31:55.750 [restartedMain] INFO  com.telecom.MiddlewareApplication - Started MiddlewareApplication in 2.074 seconds (process running for 3.606)
2026-03-27 08:32:53.908 [http-nio-8080-exec-1] INFO  org.apache.catalina.core.ContainerBase.[Tomcat].[localhost].[/] - Initializing Spring DispatcherServlet 'dispatcherServlet'
2026-03-27 08:32:53.908 [http-nio-8080-exec-1] INFO  org.springframework.web.servlet.DispatcherServlet - Initializing Servlet 'dispatcherServlet'
2026-03-27 08:32:53.908 [http-nio-8080-exec-1] INFO  org.springframework.web.servlet.DispatcherServlet - Completed initialization in 0 ms
2026-03-27 08:32:54.138 [http-nio-8080-exec-3] INFO  com.telecom.controller.RechargeController - Received recharge request for MSISDN: 9178572698 with amount: 110.0
2026-03-27 08:32:54.138 [http-nio-8080-exec-3] INFO  com.telecom.service.RechargeService - Processing recharge request for MSISDN: 9178572698 with amount: 110.0
2026-03-27 08:32:54.138 [http-nio-8080-exec-3] INFO  com.telecom.soap.client.RechargeSoapClient - Calling SOAP Recharge service for MSISDN: 9178572698 with amount: 110.0
2026-03-27 08:32:54.138 [http-nio-8080-exec-3] DEBUG com.telecom.soap.client.RechargeSoapClient - Full SOAP request: RechargeSoapRequest{msisdn='9178572698', amount=110.0}
2026-03-27 08:32:54.148 [http-nio-8080-exec-3] DEBUG org.springframework.ws.client.core.WebServiceTemplate - Opening [org.springframework.ws.transport.http.HttpUrlConnection@160206df] to [http://localhost:8090/ws]
2026-03-27 08:32:54.365 [http-nio-8080-exec-3] INFO  SOAP - Outgoing SOAP Request:
<SOAP-ENV:Envelope xmlns:SOAP-ENV="http://schemas.xmlsoap.org/soap/envelope/"><SOAP-ENV:Header/><SOAP-ENV:Body><ns3:RechargeSoapRequest xmlns:ns3="http://telecom.com/recharge"><msisdn>9178572698</msisdn><amount>110.0</amount></ns3:RechargeSoapRequest></SOAP-ENV:Body></SOAP-ENV:Envelope>
2026-03-27 08:32:54.380 [http-nio-8080-exec-3] DEBUG org.springframework.ws.client.MessageTracing.sent - Sent request [SaajSoapMessage {http://telecom.com/recharge}RechargeSoapRequest]
2026-03-27 08:32:54.983 [http-nio-8080-exec-3] DEBUG org.springframework.ws.client.MessageTracing.received - Received response [SaajSoapMessage {http://telecom.com/recharge}RechargeSoapResponse] for request [SaajSoapMessage {http://telecom.com/recharge}RechargeSoapRequest]
2026-03-27 08:32:54.985 [http-nio-8080-exec-3] INFO  SOAP - Incoming SOAP Response:
<SOAP-ENV:Envelope xmlns:SOAP-ENV="http://schemas.xmlsoap.org/soap/envelope/"><SOAP-ENV:Header/><SOAP-ENV:Body><ns3:RechargeSoapResponse xmlns:ns3="http://telecom.com/recharge"><status>SUCCESS</status><message>Recharge successful for 9178572698 with amount 110.0</message></ns3:RechargeSoapResponse></SOAP-ENV:Body></SOAP-ENV:Envelope>
2026-03-27 08:32:54.996 [http-nio-8080-exec-3] INFO  com.telecom.soap.client.RechargeSoapClient - SOAP Recharge response received - Status: SUCCESS, Message: Recharge successful for 9178572698 with amount 110.0
2026-03-27 08:32:54.996 [http-nio-8080-exec-3] DEBUG com.telecom.soap.client.RechargeSoapClient - Full SOAP response: RechargeSoapResponse{status='SUCCESS', message='Recharge successful for 9178572698 with amount 110.0'}
2026-03-27 08:32:54.996 [http-nio-8080-exec-3] INFO  com.telecom.service.RechargeService - Recharge processed successfully - Status: SUCCESS, Message: Recharge successful for 9178572698 with amount 110.0
2026-03-27 08:34:01.029 [http-nio-8080-exec-2] INFO  com.telecom.controller.RechargeController - Received recharge request for MSISDN: 9178572698 with amount: 200.0
2026-03-27 08:34:01.029 [http-nio-8080-exec-2] INFO  com.telecom.service.RechargeService - Processing recharge request for MSISDN: 9178572698 with amount: 200.0
2026-03-27 08:34:01.029 [http-nio-8080-exec-2] INFO  com.telecom.soap.client.RechargeSoapClient - Calling SOAP Recharge service for MSISDN: 9178572698 with amount: 200.0
2026-03-27 08:34:01.044 [http-nio-8080-exec-2] DEBUG com.telecom.soap.client.RechargeSoapClient - Full SOAP request: RechargeSoapRequest{msisdn='9178572698', amount=200.0}
2026-03-27 08:34:01.045 [http-nio-8080-exec-2] DEBUG org.springframework.ws.client.core.WebServiceTemplate - Opening [org.springframework.ws.transport.http.HttpUrlConnection@74ab06ea] to [http://localhost:8090/ws]
2026-03-27 08:34:01.047 [http-nio-8080-exec-2] INFO  SOAP - Outgoing SOAP Request:
<SOAP-ENV:Envelope xmlns:SOAP-ENV="http://schemas.xmlsoap.org/soap/envelope/"><SOAP-ENV:Header/><SOAP-ENV:Body><ns3:RechargeSoapRequest xmlns:ns3="http://telecom.com/recharge"><msisdn>9178572698</msisdn><amount>200.0</amount></ns3:RechargeSoapRequest></SOAP-ENV:Body></SOAP-ENV:Envelope>
2026-03-27 08:34:01.047 [http-nio-8080-exec-2] DEBUG org.springframework.ws.client.MessageTracing.sent - Sent request [SaajSoapMessage {http://telecom.com/recharge}RechargeSoapRequest]
2026-03-27 08:34:01.062 [http-nio-8080-exec-2] ERROR com.telecom.soap.client.RechargeSoapClient - Error calling SOAP Recharge service
org.springframework.ws.client.WebServiceIOException: I/O error: Connection refused: getsockopt
	at org.springframework.ws.client.core.WebServiceTemplate.sendAndReceive(WebServiceTemplate.java:594)
	at org.springframework.ws.client.core.WebServiceTemplate.marshalSendAndReceive(WebServiceTemplate.java:426)
	at org.springframework.ws.client.core.WebServiceTemplate.marshalSendAndReceive(WebServiceTemplate.java:412)
	at com.telecom.soap.client.RechargeSoapClient.callRecharge(RechargeSoapClient.java:30)
	at com.telecom.adapter.impl.SoapRechargeAdapter.recharge(SoapRechargeAdapter.java:31)
	at com.telecom.service.RechargeService.processRecharge(RechargeService.java:25)
	at com.telecom.controller.RechargeController.recharge(RechargeController.java:34)
	at java.base/jdk.internal.reflect.DirectMethodHandleAccessor.invoke(DirectMethodHandleAccessor.java:103)
	at java.base/java.lang.reflect.Method.invoke(Method.java:580)
	at org.springframework.web.method.support.InvocableHandlerMethod.doInvoke(InvocableHandlerMethod.java:258)
	at org.springframework.web.method.support.InvocableHandlerMethod.invokeForRequest(InvocableHandlerMethod.java:190)
	at org.springframework.web.servlet.mvc.method.annotation.ServletInvocableHandlerMethod.invokeAndHandle(ServletInvocableHandlerMethod.java:117)
	at org.springframework.web.servlet.mvc.method.annotation.RequestMappingHandlerAdapter.invokeHandlerMethod(RequestMappingHandlerAdapter.java:934)
	at org.springframework.web.servlet.mvc.method.annotation.RequestMappingHandlerAdapter.handleInternal(RequestMappingHandlerAdapter.java:853)
	at org.springframework.web.servlet.mvc.method.AbstractHandlerMethodAdapter.handle(AbstractHandlerMethodAdapter.java:86)
	at org.springframework.web.servlet.DispatcherServlet.doDispatch(DispatcherServlet.java:963)
	at org.springframework.web.servlet.DispatcherServlet.doService(DispatcherServlet.java:866)
	at org.springframework.web.servlet.FrameworkServlet.processRequest(FrameworkServlet.java:1003)
	at org.springframework.web.servlet.FrameworkServlet.doPost(FrameworkServlet.java:903)
	at jakarta.servlet.http.HttpServlet.service(HttpServlet.java:649)
	at org.springframework.web.servlet.FrameworkServlet.service(FrameworkServlet.java:874)
	at jakarta.servlet.http.HttpServlet.service(HttpServlet.java:710)
	at org.apache.catalina.core.ApplicationFilterChain.doFilter(ApplicationFilterChain.java:128)
	at org.apache.tomcat.websocket.server.WsFilter.doFilter(WsFilter.java:53)
	at org.apache.catalina.core.ApplicationFilterChain.doFilter(ApplicationFilterChain.java:107)
	at org.springframework.web.filter.RequestContextFilter.doFilterInternal(RequestContextFilter.java:100)
	at org.springframework.web.filter.OncePerRequestFilter.doFilter(OncePerRequestFilter.java:116)
	at org.apache.catalina.core.ApplicationFilterChain.doFilter(ApplicationFilterChain.java:107)
	at org.springframework.web.filter.FormContentFilter.doFilterInternal(FormContentFilter.java:93)
	at org.springframework.web.filter.OncePerRequestFilter.doFilter(OncePerRequestFilter.java:116)
	at org.apache.catalina.core.ApplicationFilterChain.doFilter(ApplicationFilterChain.java:107)
	at org.springframework.web.filter.CharacterEncodingFilter.doFilterInternal(CharacterEncodingFilter.java:199)
	at org.springframework.web.filter.OncePerRequestFilter.doFilter(OncePerRequestFilter.java:116)
	at org.apache.catalina.core.ApplicationFilterChain.doFilter(ApplicationFilterChain.java:107)
	at org.apache.catalina.core.StandardWrapperValve.invoke(StandardWrapperValve.java:165)
	at org.apache.catalina.core.StandardContextValve.invoke(StandardContextValve.java:77)
	at org.apache.catalina.authenticator.AuthenticatorBase.invoke(AuthenticatorBase.java:482)
	at org.apache.catalina.core.StandardHostValve.invoke(StandardHostValve.java:113)
	at org.apache.catalina.valves.ErrorReportValve.invoke(ErrorReportValve.java:83)
	at org.apache.catalina.core.StandardEngineValve.invoke(StandardEngineValve.java:72)
	at org.apache.catalina.connector.CoyoteAdapter.service(CoyoteAdapter.java:341)
	at org.apache.coyote.http11.Http11Processor.service(Http11Processor.java:397)
	at org.apache.coyote.AbstractProcessorLight.process(AbstractProcessorLight.java:63)
	at org.apache.coyote.AbstractProtocol$ConnectionHandler.process(AbstractProtocol.java:903)
	at org.apache.tomcat.util.net.NioEndpoint$SocketProcessor.doRun(NioEndpoint.java:1778)
	at org.apache.tomcat.util.net.SocketProcessorBase.run(SocketProcessorBase.java:52)
	at org.apache.tomcat.util.threads.ThreadPoolExecutor.runWorker(ThreadPoolExecutor.java:946)
	at org.apache.tomcat.util.threads.ThreadPoolExecutor$Worker.run(ThreadPoolExecutor.java:480)
	at org.apache.tomcat.util.threads.TaskThread$WrappingRunnable.run(TaskThread.java:57)
	at java.base/java.lang.Thread.run(Thread.java:1583)
Caused by: java.net.ConnectException: Connection refused: getsockopt
	at java.base/sun.nio.ch.Net.pollConnect(Native Method)
	at java.base/sun.nio.ch.Net.pollConnectNow(Net.java:682)
	at java.base/sun.nio.ch.NioSocketImpl.timedFinishConnect(NioSocketImpl.java:542)
	at java.base/sun.nio.ch.NioSocketImpl.connect(NioSocketImpl.java:592)
	at java.base/java.net.Socket.connect(Socket.java:751)
	at java.base/sun.net.NetworkClient.doConnect(NetworkClient.java:178)
	at java.base/sun.net.www.http.HttpClient.openServer(HttpClient.java:531)
	at java.base/sun.net.www.http.HttpClient.openServer(HttpClient.java:636)
	at java.base/sun.net.www.http.HttpClient.<init>(HttpClient.java:282)
	at java.base/sun.net.www.http.HttpClient.New(HttpClient.java:386)
	at java.base/sun.net.www.http.HttpClient.New(HttpClient.java:408)
	at java.base/sun.net.www.protocol.http.HttpURLConnection.getNewHttpClient(HttpURLConnection.java:1320)
	at java.base/sun.net.www.protocol.http.HttpURLConnection.plainConnect0(HttpURLConnection.java:1253)
	at java.base/sun.net.www.protocol.http.HttpURLConnection.plainConnect(HttpURLConnection.java:1139)
	at java.base/sun.net.www.protocol.http.HttpURLConnection.connect(HttpURLConnection.java:1068)
	at java.base/sun.net.www.protocol.http.HttpURLConnection.getOutputStream0(HttpURLConnection.java:1462)
	at java.base/sun.net.www.protocol.http.HttpURLConnection.getOutputStream(HttpURLConnection.java:1433)
	at org.springframework.ws.transport.http.HttpUrlConnection.getRequestOutputStream(HttpUrlConnection.java:90)
	at org.springframework.ws.transport.AbstractSenderConnection$RequestTransportOutputStream.createOutputStream(AbstractSenderConnection.java:89)
	at org.springframework.ws.transport.TransportOutputStream.getOutputStream(TransportOutputStream.java:44)
	at org.springframework.ws.transport.TransportOutputStream.write(TransportOutputStream.java:71)
	at com.sun.xml.messaging.saaj.soap.MessageImpl.writeTo(MessageImpl.java:1395)
	at org.springframework.ws.soap.saaj.SaajSoapMessage.writeTo(SaajSoapMessage.java:268)
	at org.springframework.ws.transport.AbstractWebServiceConnection.send(AbstractWebServiceConnection.java:48)
	at org.springframework.ws.client.core.WebServiceTemplate.sendRequest(WebServiceTemplate.java:693)
	at org.springframework.ws.client.core.WebServiceTemplate.doSendAndReceive(WebServiceTemplate.java:643)
	at org.springframework.ws.client.core.WebServiceTemplate.sendAndReceive(WebServiceTemplate.java:588)
	... 49 more
2026-03-27 08:34:01.063 [http-nio-8080-exec-2] ERROR com.telecom.service.RechargeService - Error processing recharge
org.springframework.ws.client.WebServiceIOException: I/O error: Connection refused: getsockopt
	at org.springframework.ws.client.core.WebServiceTemplate.sendAndReceive(WebServiceTemplate.java:594)
	at org.springframework.ws.client.core.WebServiceTemplate.marshalSendAndReceive(WebServiceTemplate.java:426)
	at org.springframework.ws.client.core.WebServiceTemplate.marshalSendAndReceive(WebServiceTemplate.java:412)
	at com.telecom.soap.client.RechargeSoapClient.callRecharge(RechargeSoapClient.java:30)
	at com.telecom.adapter.impl.SoapRechargeAdapter.recharge(SoapRechargeAdapter.java:31)
	at com.telecom.service.RechargeService.processRecharge(RechargeService.java:25)
	at com.telecom.controller.RechargeController.recharge(RechargeController.java:34)
	at java.base/jdk.internal.reflect.DirectMethodHandleAccessor.invoke(DirectMethodHandleAccessor.java:103)
	at java.base/java.lang.reflect.Method.invoke(Method.java:580)
	at org.springframework.web.method.support.InvocableHandlerMethod.doInvoke(InvocableHandlerMethod.java:258)
	at org.springframework.web.method.support.InvocableHandlerMethod.invokeForRequest(InvocableHandlerMethod.java:190)
	at org.springframework.web.servlet.mvc.method.annotation.ServletInvocableHandlerMethod.invokeAndHandle(ServletInvocableHandlerMethod.java:117)
	at org.springframework.web.servlet.mvc.method.annotation.RequestMappingHandlerAdapter.invokeHandlerMethod(RequestMappingHandlerAdapter.java:934)
	at org.springframework.web.servlet.mvc.method.annotation.RequestMappingHandlerAdapter.handleInternal(RequestMappingHandlerAdapter.java:853)
	at org.springframework.web.servlet.mvc.method.AbstractHandlerMethodAdapter.handle(AbstractHandlerMethodAdapter.java:86)
	at org.springframework.web.servlet.DispatcherServlet.doDispatch(DispatcherServlet.java:963)
	at org.springframework.web.servlet.DispatcherServlet.doService(DispatcherServlet.java:866)
	at org.springframework.web.servlet.FrameworkServlet.processRequest(FrameworkServlet.java:1003)
	at org.springframework.web.servlet.FrameworkServlet.doPost(FrameworkServlet.java:903)
	at jakarta.servlet.http.HttpServlet.service(HttpServlet.java:649)
	at org.springframework.web.servlet.FrameworkServlet.service(FrameworkServlet.java:874)
	at jakarta.servlet.http.HttpServlet.service(HttpServlet.java:710)
	at org.apache.catalina.core.ApplicationFilterChain.doFilter(ApplicationFilterChain.java:128)
	at org.apache.tomcat.websocket.server.WsFilter.doFilter(WsFilter.java:53)
	at org.apache.catalina.core.ApplicationFilterChain.doFilter(ApplicationFilterChain.java:107)
	at org.springframework.web.filter.RequestContextFilter.doFilterInternal(RequestContextFilter.java:100)
	at org.springframework.web.filter.OncePerRequestFilter.doFilter(OncePerRequestFilter.java:116)
	at org.apache.catalina.core.ApplicationFilterChain.doFilter(ApplicationFilterChain.java:107)
	at org.springframework.web.filter.FormContentFilter.doFilterInternal(FormContentFilter.java:93)
	at org.springframework.web.filter.OncePerRequestFilter.doFilter(OncePerRequestFilter.java:116)
	at org.apache.catalina.core.ApplicationFilterChain.doFilter(ApplicationFilterChain.java:107)
	at org.springframework.web.filter.CharacterEncodingFilter.doFilterInternal(CharacterEncodingFilter.java:199)
	at org.springframework.web.filter.OncePerRequestFilter.doFilter(OncePerRequestFilter.java:116)
	at org.apache.catalina.core.ApplicationFilterChain.doFilter(ApplicationFilterChain.java:107)
	at org.apache.catalina.core.StandardWrapperValve.invoke(StandardWrapperValve.java:165)
	at org.apache.catalina.core.StandardContextValve.invoke(StandardContextValve.java:77)
	at org.apache.catalina.authenticator.AuthenticatorBase.invoke(AuthenticatorBase.java:482)
	at org.apache.catalina.core.StandardHostValve.invoke(StandardHostValve.java:113)
	at org.apache.catalina.valves.ErrorReportValve.invoke(ErrorReportValve.java:83)
	at org.apache.catalina.core.StandardEngineValve.invoke(StandardEngineValve.java:72)
	at org.apache.catalina.connector.CoyoteAdapter.service(CoyoteAdapter.java:341)
	at org.apache.coyote.http11.Http11Processor.service(Http11Processor.java:397)
	at org.apache.coyote.AbstractProcessorLight.process(AbstractProcessorLight.java:63)
	at org.apache.coyote.AbstractProtocol$ConnectionHandler.process(AbstractProtocol.java:903)
	at org.apache.tomcat.util.net.NioEndpoint$SocketProcessor.doRun(NioEndpoint.java:1778)
	at org.apache.tomcat.util.net.SocketProcessorBase.run(SocketProcessorBase.java:52)
	at org.apache.tomcat.util.threads.ThreadPoolExecutor.runWorker(ThreadPoolExecutor.java:946)
	at org.apache.tomcat.util.threads.ThreadPoolExecutor$Worker.run(ThreadPoolExecutor.java:480)
	at org.apache.tomcat.util.threads.TaskThread$WrappingRunnable.run(TaskThread.java:57)
	at java.base/java.lang.Thread.run(Thread.java:1583)
Caused by: java.net.ConnectException: Connection refused: getsockopt
	at java.base/sun.nio.ch.Net.pollConnect(Native Method)
	at java.base/sun.nio.ch.Net.pollConnectNow(Net.java:682)
	at java.base/sun.nio.ch.NioSocketImpl.timedFinishConnect(NioSocketImpl.java:542)
	at java.base/sun.nio.ch.NioSocketImpl.connect(NioSocketImpl.java:592)
	at java.base/java.net.Socket.connect(Socket.java:751)
	at java.base/sun.net.NetworkClient.doConnect(NetworkClient.java:178)
	at java.base/sun.net.www.http.HttpClient.openServer(HttpClient.java:531)
	at java.base/sun.net.www.http.HttpClient.openServer(HttpClient.java:636)
	at java.base/sun.net.www.http.HttpClient.<init>(HttpClient.java:282)
	at java.base/sun.net.www.http.HttpClient.New(HttpClient.java:386)
	at java.base/sun.net.www.http.HttpClient.New(HttpClient.java:408)
	at java.base/sun.net.www.protocol.http.HttpURLConnection.getNewHttpClient(HttpURLConnection.java:1320)
	at java.base/sun.net.www.protocol.http.HttpURLConnection.plainConnect0(HttpURLConnection.java:1253)
	at java.base/sun.net.www.protocol.http.HttpURLConnection.plainConnect(HttpURLConnection.java:1139)
	at java.base/sun.net.www.protocol.http.HttpURLConnection.connect(HttpURLConnection.java:1068)
	at java.base/sun.net.www.protocol.http.HttpURLConnection.getOutputStream0(HttpURLConnection.java:1462)
	at java.base/sun.net.www.protocol.http.HttpURLConnection.getOutputStream(HttpURLConnection.java:1433)
	at org.springframework.ws.transport.http.HttpUrlConnection.getRequestOutputStream(HttpUrlConnection.java:90)
	at org.springframework.ws.transport.AbstractSenderConnection$RequestTransportOutputStream.createOutputStream(AbstractSenderConnection.java:89)
	at org.springframework.ws.transport.TransportOutputStream.getOutputStream(TransportOutputStream.java:44)
	at org.springframework.ws.transport.TransportOutputStream.write(TransportOutputStream.java:71)
	at com.sun.xml.messaging.saaj.soap.MessageImpl.writeTo(MessageImpl.java:1395)
	at org.springframework.ws.soap.saaj.SaajSoapMessage.writeTo(SaajSoapMessage.java:268)
	at org.springframework.ws.transport.AbstractWebServiceConnection.send(AbstractWebServiceConnection.java:48)
	at org.springframework.ws.client.core.WebServiceTemplate.sendRequest(WebServiceTemplate.java:693)
	at org.springframework.ws.client.core.WebServiceTemplate.doSendAndReceive(WebServiceTemplate.java:643)
	at org.springframework.ws.client.core.WebServiceTemplate.sendAndReceive(WebServiceTemplate.java:588)
	... 49 more
2026-03-27 08:34:01.067 [http-nio-8080-exec-2] ERROR org.apache.catalina.core.ContainerBase.[Tomcat].[localhost].[/].[dispatcherServlet] - Servlet.service() for servlet [dispatcherServlet] in context with path [] threw exception [Request processing failed: org.springframework.ws.client.WebServiceIOException: I/O error: Connection refused: getsockopt] with root cause
java.net.ConnectException: Connection refused: getsockopt
	at java.base/sun.nio.ch.Net.pollConnect(Native Method)
	at java.base/sun.nio.ch.Net.pollConnectNow(Net.java:682)
	at java.base/sun.nio.ch.NioSocketImpl.timedFinishConnect(NioSocketImpl.java:542)
	at java.base/sun.nio.ch.NioSocketImpl.connect(NioSocketImpl.java:592)
	at java.base/java.net.Socket.connect(Socket.java:751)
	at java.base/sun.net.NetworkClient.doConnect(NetworkClient.java:178)
	at java.base/sun.net.www.http.HttpClient.openServer(HttpClient.java:531)
	at java.base/sun.net.www.http.HttpClient.openServer(HttpClient.java:636)
	at java.base/sun.net.www.http.HttpClient.<init>(HttpClient.java:282)
	at java.base/sun.net.www.http.HttpClient.New(HttpClient.java:386)
	at java.base/sun.net.www.http.HttpClient.New(HttpClient.java:408)
	at java.base/sun.net.www.protocol.http.HttpURLConnection.getNewHttpClient(HttpURLConnection.java:1320)
	at java.base/sun.net.www.protocol.http.HttpURLConnection.plainConnect0(HttpURLConnection.java:1253)
	at java.base/sun.net.www.protocol.http.HttpURLConnection.plainConnect(HttpURLConnection.java:1139)
	at java.base/sun.net.www.protocol.http.HttpURLConnection.connect(HttpURLConnection.java:1068)
	at java.base/sun.net.www.protocol.http.HttpURLConnection.getOutputStream0(HttpURLConnection.java:1462)
	at java.base/sun.net.www.protocol.http.HttpURLConnection.getOutputStream(HttpURLConnection.java:1433)
	at org.springframework.ws.transport.http.HttpUrlConnection.getRequestOutputStream(HttpUrlConnection.java:90)
	at org.springframework.ws.transport.AbstractSenderConnection$RequestTransportOutputStream.createOutputStream(AbstractSenderConnection.java:89)
	at org.springframework.ws.transport.TransportOutputStream.getOutputStream(TransportOutputStream.java:44)
	at org.springframework.ws.transport.TransportOutputStream.write(TransportOutputStream.java:71)
	at com.sun.xml.messaging.saaj.soap.MessageImpl.writeTo(MessageImpl.java:1395)
	at org.springframework.ws.soap.saaj.SaajSoapMessage.writeTo(SaajSoapMessage.java:268)
	at org.springframework.ws.transport.AbstractWebServiceConnection.send(AbstractWebServiceConnection.java:48)
	at org.springframework.ws.client.core.WebServiceTemplate.sendRequest(WebServiceTemplate.java:693)
	at org.springframework.ws.client.core.WebServiceTemplate.doSendAndReceive(WebServiceTemplate.java:643)
	at org.springframework.ws.client.core.WebServiceTemplate.sendAndReceive(WebServiceTemplate.java:588)
	at org.springframework.ws.client.core.WebServiceTemplate.marshalSendAndReceive(WebServiceTemplate.java:426)
	at org.springframework.ws.client.core.WebServiceTemplate.marshalSendAndReceive(WebServiceTemplate.java:412)
	at com.telecom.soap.client.RechargeSoapClient.callRecharge(RechargeSoapClient.java:30)
	at com.telecom.adapter.impl.SoapRechargeAdapter.recharge(SoapRechargeAdapter.java:31)
	at com.telecom.service.RechargeService.processRecharge(RechargeService.java:25)
	at com.telecom.controller.RechargeController.recharge(RechargeController.java:34)
	at java.base/jdk.internal.reflect.DirectMethodHandleAccessor.invoke(DirectMethodHandleAccessor.java:103)
	at java.base/java.lang.reflect.Method.invoke(Method.java:580)
	at org.springframework.web.method.support.InvocableHandlerMethod.doInvoke(InvocableHandlerMethod.java:258)
	at org.springframework.web.method.support.InvocableHandlerMethod.invokeForRequest(InvocableHandlerMethod.java:190)
	at org.springframework.web.servlet.mvc.method.annotation.ServletInvocableHandlerMethod.invokeAndHandle(ServletInvocableHandlerMethod.java:117)
	at org.springframework.web.servlet.mvc.method.annotation.RequestMappingHandlerAdapter.invokeHandlerMethod(RequestMappingHandlerAdapter.java:934)
	at org.springframework.web.servlet.mvc.method.annotation.RequestMappingHandlerAdapter.handleInternal(RequestMappingHandlerAdapter.java:853)
	at org.springframework.web.servlet.mvc.method.AbstractHandlerMethodAdapter.handle(AbstractHandlerMethodAdapter.java:86)
	at org.springframework.web.servlet.DispatcherServlet.doDispatch(DispatcherServlet.java:963)
	at org.springframework.web.servlet.DispatcherServlet.doService(DispatcherServlet.java:866)
	at org.springframework.web.servlet.FrameworkServlet.processRequest(FrameworkServlet.java:1003)
	at org.springframework.web.servlet.FrameworkServlet.doPost(FrameworkServlet.java:903)
	at jakarta.servlet.http.HttpServlet.service(HttpServlet.java:649)
	at org.springframework.web.servlet.FrameworkServlet.service(FrameworkServlet.java:874)
	at jakarta.servlet.http.HttpServlet.service(HttpServlet.java:710)
	at org.apache.catalina.core.ApplicationFilterChain.doFilter(ApplicationFilterChain.java:128)
	at org.apache.tomcat.websocket.server.WsFilter.doFilter(WsFilter.java:53)
	at org.apache.catalina.core.ApplicationFilterChain.doFilter(ApplicationFilterChain.java:107)
	at org.springframework.web.filter.RequestContextFilter.doFilterInternal(RequestContextFilter.java:100)
	at org.springframework.web.filter.OncePerRequestFilter.doFilter(OncePerRequestFilter.java:116)
	at org.apache.catalina.core.ApplicationFilterChain.doFilter(ApplicationFilterChain.java:107)
	at org.springframework.web.filter.FormContentFilter.doFilterInternal(FormContentFilter.java:93)
	at org.springframework.web.filter.OncePerRequestFilter.doFilter(OncePerRequestFilter.java:116)
	at org.apache.catalina.core.ApplicationFilterChain.doFilter(ApplicationFilterChain.java:107)
	at org.springframework.web.filter.CharacterEncodingFilter.doFilterInternal(CharacterEncodingFilter.java:199)
	at org.springframework.web.filter.OncePerRequestFilter.doFilter(OncePerRequestFilter.java:116)
	at org.apache.catalina.core.ApplicationFilterChain.doFilter(ApplicationFilterChain.java:107)
	at org.apache.catalina.core.StandardWrapperValve.invoke(StandardWrapperValve.java:165)
	at org.apache.catalina.core.StandardContextValve.invoke(StandardContextValve.java:77)
	at org.apache.catalina.authenticator.AuthenticatorBase.invoke(AuthenticatorBase.java:482)
	at org.apache.catalina.core.StandardHostValve.invoke(StandardHostValve.java:113)
	at org.apache.catalina.valves.ErrorReportValve.invoke(ErrorReportValve.java:83)
	at org.apache.catalina.core.StandardEngineValve.invoke(StandardEngineValve.java:72)
	at org.apache.catalina.connector.CoyoteAdapter.service(CoyoteAdapter.java:341)
	at org.apache.coyote.http11.Http11Processor.service(Http11Processor.java:397)
	at org.apache.coyote.AbstractProcessorLight.process(AbstractProcessorLight.java:63)
	at org.apache.coyote.AbstractProtocol$ConnectionHandler.process(AbstractProtocol.java:903)
	at org.apache.tomcat.util.net.NioEndpoint$SocketProcessor.doRun(NioEndpoint.java:1778)
	at org.apache.tomcat.util.net.SocketProcessorBase.run(SocketProcessorBase.java:52)
	at org.apache.tomcat.util.threads.ThreadPoolExecutor.runWorker(ThreadPoolExecutor.java:946)
	at org.apache.tomcat.util.threads.ThreadPoolExecutor$Worker.run(ThreadPoolExecutor.java:480)
	at org.apache.tomcat.util.threads.TaskThread$WrappingRunnable.run(TaskThread.java:57)
	at java.base/java.lang.Thread.run(Thread.java:1583)
2026-03-27 08:34:03.138 [http-nio-8080-exec-5] INFO  com.telecom.controller.RechargeController - Received recharge request for MSISDN: 9178572698 with amount: 200.0
2026-03-27 08:34:03.138 [http-nio-8080-exec-5] INFO  com.telecom.service.RechargeService - Processing recharge request for MSISDN: 9178572698 with amount: 200.0
2026-03-27 08:34:03.138 [http-nio-8080-exec-5] INFO  com.telecom.soap.client.RechargeSoapClient - Calling SOAP Recharge service for MSISDN: 9178572698 with amount: 200.0
2026-03-27 08:34:03.138 [http-nio-8080-exec-5] DEBUG com.telecom.soap.client.RechargeSoapClient - Full SOAP request: RechargeSoapRequest{msisdn='9178572698', amount=200.0}
2026-03-27 08:34:03.138 [http-nio-8080-exec-5] DEBUG org.springframework.ws.client.core.WebServiceTemplate - Opening [org.springframework.ws.transport.http.HttpUrlConnection@b41e134] to [http://localhost:8090/ws]
2026-03-27 08:34:03.138 [http-nio-8080-exec-5] INFO  SOAP - Outgoing SOAP Request:
<SOAP-ENV:Envelope xmlns:SOAP-ENV="http://schemas.xmlsoap.org/soap/envelope/"><SOAP-ENV:Header/><SOAP-ENV:Body><ns3:RechargeSoapRequest xmlns:ns3="http://telecom.com/recharge"><msisdn>9178572698</msisdn><amount>200.0</amount></ns3:RechargeSoapRequest></SOAP-ENV:Body></SOAP-ENV:Envelope>
2026-03-27 08:34:03.144 [http-nio-8080-exec-5] DEBUG org.springframework.ws.client.MessageTracing.sent - Sent request [SaajSoapMessage {http://telecom.com/recharge}RechargeSoapRequest]
2026-03-27 08:34:03.145 [http-nio-8080-exec-5] ERROR com.telecom.soap.client.RechargeSoapClient - Error calling SOAP Recharge service
org.springframework.ws.client.WebServiceIOException: I/O error: Connection refused: getsockopt
	at org.springframework.ws.client.core.WebServiceTemplate.sendAndReceive(WebServiceTemplate.java:594)
	at org.springframework.ws.client.core.WebServiceTemplate.marshalSendAndReceive(WebServiceTemplate.java:426)
	at org.springframework.ws.client.core.WebServiceTemplate.marshalSendAndReceive(WebServiceTemplate.java:412)
	at com.telecom.soap.client.RechargeSoapClient.callRecharge(RechargeSoapClient.java:30)
	at com.telecom.adapter.impl.SoapRechargeAdapter.recharge(SoapRechargeAdapter.java:31)
	at com.telecom.service.RechargeService.processRecharge(RechargeService.java:25)
	at com.telecom.controller.RechargeController.recharge(RechargeController.java:34)
	at java.base/jdk.internal.reflect.DirectMethodHandleAccessor.invoke(DirectMethodHandleAccessor.java:103)
	at java.base/java.lang.reflect.Method.invoke(Method.java:580)
	at org.springframework.web.method.support.InvocableHandlerMethod.doInvoke(InvocableHandlerMethod.java:258)
	at org.springframework.web.method.support.InvocableHandlerMethod.invokeForRequest(InvocableHandlerMethod.java:190)
	at org.springframework.web.servlet.mvc.method.annotation.ServletInvocableHandlerMethod.invokeAndHandle(ServletInvocableHandlerMethod.java:117)
	at org.springframework.web.servlet.mvc.method.annotation.RequestMappingHandlerAdapter.invokeHandlerMethod(RequestMappingHandlerAdapter.java:934)
	at org.springframework.web.servlet.mvc.method.annotation.RequestMappingHandlerAdapter.handleInternal(RequestMappingHandlerAdapter.java:853)
	at org.springframework.web.servlet.mvc.method.AbstractHandlerMethodAdapter.handle(AbstractHandlerMethodAdapter.java:86)
	at org.springframework.web.servlet.DispatcherServlet.doDispatch(DispatcherServlet.java:963)
	at org.springframework.web.servlet.DispatcherServlet.doService(DispatcherServlet.java:866)
	at org.springframework.web.servlet.FrameworkServlet.processRequest(FrameworkServlet.java:1003)
	at org.springframework.web.servlet.FrameworkServlet.doPost(FrameworkServlet.java:903)
	at jakarta.servlet.http.HttpServlet.service(HttpServlet.java:649)
	at org.springframework.web.servlet.FrameworkServlet.service(FrameworkServlet.java:874)
	at jakarta.servlet.http.HttpServlet.service(HttpServlet.java:710)
	at org.apache.catalina.core.ApplicationFilterChain.doFilter(ApplicationFilterChain.java:128)
	at org.apache.tomcat.websocket.server.WsFilter.doFilter(WsFilter.java:53)
	at org.apache.catalina.core.ApplicationFilterChain.doFilter(ApplicationFilterChain.java:107)
	at org.springframework.web.filter.RequestContextFilter.doFilterInternal(RequestContextFilter.java:100)
	at org.springframework.web.filter.OncePerRequestFilter.doFilter(OncePerRequestFilter.java:116)
	at org.apache.catalina.core.ApplicationFilterChain.doFilter(ApplicationFilterChain.java:107)
	at org.springframework.web.filter.FormContentFilter.doFilterInternal(FormContentFilter.java:93)
	at org.springframework.web.filter.OncePerRequestFilter.doFilter(OncePerRequestFilter.java:116)
	at org.apache.catalina.core.ApplicationFilterChain.doFilter(ApplicationFilterChain.java:107)
	at org.springframework.web.filter.CharacterEncodingFilter.doFilterInternal(CharacterEncodingFilter.java:199)
	at org.springframework.web.filter.OncePerRequestFilter.doFilter(OncePerRequestFilter.java:116)
	at org.apache.catalina.core.ApplicationFilterChain.doFilter(ApplicationFilterChain.java:107)
	at org.apache.catalina.core.StandardWrapperValve.invoke(StandardWrapperValve.java:165)
	at org.apache.catalina.core.StandardContextValve.invoke(StandardContextValve.java:77)
	at org.apache.catalina.authenticator.AuthenticatorBase.invoke(AuthenticatorBase.java:482)
	at org.apache.catalina.core.StandardHostValve.invoke(StandardHostValve.java:113)
	at org.apache.catalina.valves.ErrorReportValve.invoke(ErrorReportValve.java:83)
	at org.apache.catalina.core.StandardEngineValve.invoke(StandardEngineValve.java:72)
	at org.apache.catalina.connector.CoyoteAdapter.service(CoyoteAdapter.java:341)
	at org.apache.coyote.http11.Http11Processor.service(Http11Processor.java:397)
	at org.apache.coyote.AbstractProcessorLight.process(AbstractProcessorLight.java:63)
	at org.apache.coyote.AbstractProtocol$ConnectionHandler.process(AbstractProtocol.java:903)
	at org.apache.tomcat.util.net.NioEndpoint$SocketProcessor.doRun(NioEndpoint.java:1778)
	at org.apache.tomcat.util.net.SocketProcessorBase.run(SocketProcessorBase.java:52)
	at org.apache.tomcat.util.threads.ThreadPoolExecutor.runWorker(ThreadPoolExecutor.java:946)
	at org.apache.tomcat.util.threads.ThreadPoolExecutor$Worker.run(ThreadPoolExecutor.java:480)
	at org.apache.tomcat.util.threads.TaskThread$WrappingRunnable.run(TaskThread.java:57)
	at java.base/java.lang.Thread.run(Thread.java:1583)
Caused by: java.net.ConnectException: Connection refused: getsockopt
	at java.base/sun.nio.ch.Net.pollConnect(Native Method)
	at java.base/sun.nio.ch.Net.pollConnectNow(Net.java:682)
	at java.base/sun.nio.ch.NioSocketImpl.timedFinishConnect(NioSocketImpl.java:542)
	at java.base/sun.nio.ch.NioSocketImpl.connect(NioSocketImpl.java:592)
	at java.base/java.net.Socket.connect(Socket.java:751)
	at java.base/sun.net.NetworkClient.doConnect(NetworkClient.java:178)
	at java.base/sun.net.www.http.HttpClient.openServer(HttpClient.java:531)
	at java.base/sun.net.www.http.HttpClient.openServer(HttpClient.java:636)
	at java.base/sun.net.www.http.HttpClient.<init>(HttpClient.java:282)
	at java.base/sun.net.www.http.HttpClient.New(HttpClient.java:386)
	at java.base/sun.net.www.http.HttpClient.New(HttpClient.java:408)
	at java.base/sun.net.www.protocol.http.HttpURLConnection.getNewHttpClient(HttpURLConnection.java:1320)
	at java.base/sun.net.www.protocol.http.HttpURLConnection.plainConnect0(HttpURLConnection.java:1253)
	at java.base/sun.net.www.protocol.http.HttpURLConnection.plainConnect(HttpURLConnection.java:1139)
	at java.base/sun.net.www.protocol.http.HttpURLConnection.connect(HttpURLConnection.java:1068)
	at java.base/sun.net.www.protocol.http.HttpURLConnection.getOutputStream0(HttpURLConnection.java:1462)
	at java.base/sun.net.www.protocol.http.HttpURLConnection.getOutputStream(HttpURLConnection.java:1433)
	at org.springframework.ws.transport.http.HttpUrlConnection.getRequestOutputStream(HttpUrlConnection.java:90)
	at org.springframework.ws.transport.AbstractSenderConnection$RequestTransportOutputStream.createOutputStream(AbstractSenderConnection.java:89)
	at org.springframework.ws.transport.TransportOutputStream.getOutputStream(TransportOutputStream.java:44)
	at org.springframework.ws.transport.TransportOutputStream.write(TransportOutputStream.java:71)
	at com.sun.xml.messaging.saaj.soap.MessageImpl.writeTo(MessageImpl.java:1395)
	at org.springframework.ws.soap.saaj.SaajSoapMessage.writeTo(SaajSoapMessage.java:268)
	at org.springframework.ws.transport.AbstractWebServiceConnection.send(AbstractWebServiceConnection.java:48)
	at org.springframework.ws.client.core.WebServiceTemplate.sendRequest(WebServiceTemplate.java:693)
	at org.springframework.ws.client.core.WebServiceTemplate.doSendAndReceive(WebServiceTemplate.java:643)
	at org.springframework.ws.client.core.WebServiceTemplate.sendAndReceive(WebServiceTemplate.java:588)
	... 49 more
2026-03-27 08:34:03.145 [http-nio-8080-exec-5] ERROR com.telecom.service.RechargeService - Error processing recharge
org.springframework.ws.client.WebServiceIOException: I/O error: Connection refused: getsockopt
	at org.springframework.ws.client.core.WebServiceTemplate.sendAndReceive(WebServiceTemplate.java:594)
	at org.springframework.ws.client.core.WebServiceTemplate.marshalSendAndReceive(WebServiceTemplate.java:426)
	at org.springframework.ws.client.core.WebServiceTemplate.marshalSendAndReceive(WebServiceTemplate.java:412)
	at com.telecom.soap.client.RechargeSoapClient.callRecharge(RechargeSoapClient.java:30)
	at com.telecom.adapter.impl.SoapRechargeAdapter.recharge(SoapRechargeAdapter.java:31)
	at com.telecom.service.RechargeService.processRecharge(RechargeService.java:25)
	at com.telecom.controller.RechargeController.recharge(RechargeController.java:34)
	at java.base/jdk.internal.reflect.DirectMethodHandleAccessor.invoke(DirectMethodHandleAccessor.java:103)
	at java.base/java.lang.reflect.Method.invoke(Method.java:580)
	at org.springframework.web.method.support.InvocableHandlerMethod.doInvoke(InvocableHandlerMethod.java:258)
	at org.springframework.web.method.support.InvocableHandlerMethod.invokeForRequest(InvocableHandlerMethod.java:190)
	at org.springframework.web.servlet.mvc.method.annotation.ServletInvocableHandlerMethod.invokeAndHandle(ServletInvocableHandlerMethod.java:117)
	at org.springframework.web.servlet.mvc.method.annotation.RequestMappingHandlerAdapter.invokeHandlerMethod(RequestMappingHandlerAdapter.java:934)
	at org.springframework.web.servlet.mvc.method.annotation.RequestMappingHandlerAdapter.handleInternal(RequestMappingHandlerAdapter.java:853)
	at org.springframework.web.servlet.mvc.method.AbstractHandlerMethodAdapter.handle(AbstractHandlerMethodAdapter.java:86)
	at org.springframework.web.servlet.DispatcherServlet.doDispatch(DispatcherServlet.java:963)
	at org.springframework.web.servlet.DispatcherServlet.doService(DispatcherServlet.java:866)
	at org.springframework.web.servlet.FrameworkServlet.processRequest(FrameworkServlet.java:1003)
	at org.springframework.web.servlet.FrameworkServlet.doPost(FrameworkServlet.java:903)
	at jakarta.servlet.http.HttpServlet.service(HttpServlet.java:649)
	at org.springframework.web.servlet.FrameworkServlet.service(FrameworkServlet.java:874)
	at jakarta.servlet.http.HttpServlet.service(HttpServlet.java:710)
	at org.apache.catalina.core.ApplicationFilterChain.doFilter(ApplicationFilterChain.java:128)
	at org.apache.tomcat.websocket.server.WsFilter.doFilter(WsFilter.java:53)
	at org.apache.catalina.core.ApplicationFilterChain.doFilter(ApplicationFilterChain.java:107)
	at org.springframework.web.filter.RequestContextFilter.doFilterInternal(RequestContextFilter.java:100)
	at org.springframework.web.filter.OncePerRequestFilter.doFilter(OncePerRequestFilter.java:116)
	at org.apache.catalina.core.ApplicationFilterChain.doFilter(ApplicationFilterChain.java:107)
	at org.springframework.web.filter.FormContentFilter.doFilterInternal(FormContentFilter.java:93)
	at org.springframework.web.filter.OncePerRequestFilter.doFilter(OncePerRequestFilter.java:116)
	at org.apache.catalina.core.ApplicationFilterChain.doFilter(ApplicationFilterChain.java:107)
	at org.springframework.web.filter.CharacterEncodingFilter.doFilterInternal(CharacterEncodingFilter.java:199)
	at org.springframework.web.filter.OncePerRequestFilter.doFilter(OncePerRequestFilter.java:116)
	at org.apache.catalina.core.ApplicationFilterChain.doFilter(ApplicationFilterChain.java:107)
	at org.apache.catalina.core.StandardWrapperValve.invoke(StandardWrapperValve.java:165)
	at org.apache.catalina.core.StandardContextValve.invoke(StandardContextValve.java:77)
	at org.apache.catalina.authenticator.AuthenticatorBase.invoke(AuthenticatorBase.java:482)
	at org.apache.catalina.core.StandardHostValve.invoke(StandardHostValve.java:113)
	at org.apache.catalina.valves.ErrorReportValve.invoke(ErrorReportValve.java:83)
	at org.apache.catalina.core.StandardEngineValve.invoke(StandardEngineValve.java:72)
	at org.apache.catalina.connector.CoyoteAdapter.service(CoyoteAdapter.java:341)
	at org.apache.coyote.http11.Http11Processor.service(Http11Processor.java:397)
	at org.apache.coyote.AbstractProcessorLight.process(AbstractProcessorLight.java:63)
	at org.apache.coyote.AbstractProtocol$ConnectionHandler.process(AbstractProtocol.java:903)
	at org.apache.tomcat.util.net.NioEndpoint$SocketProcessor.doRun(NioEndpoint.java:1778)
	at org.apache.tomcat.util.net.SocketProcessorBase.run(SocketProcessorBase.java:52)
	at org.apache.tomcat.util.threads.ThreadPoolExecutor.runWorker(ThreadPoolExecutor.java:946)
	at org.apache.tomcat.util.threads.ThreadPoolExecutor$Worker.run(ThreadPoolExecutor.java:480)
	at org.apache.tomcat.util.threads.TaskThread$WrappingRunnable.run(TaskThread.java:57)
	at java.base/java.lang.Thread.run(Thread.java:1583)
Caused by: java.net.ConnectException: Connection refused: getsockopt
	at java.base/sun.nio.ch.Net.pollConnect(Native Method)
	at java.base/sun.nio.ch.Net.pollConnectNow(Net.java:682)
	at java.base/sun.nio.ch.NioSocketImpl.timedFinishConnect(NioSocketImpl.java:542)
	at java.base/sun.nio.ch.NioSocketImpl.connect(NioSocketImpl.java:592)
	at java.base/java.net.Socket.connect(Socket.java:751)
	at java.base/sun.net.NetworkClient.doConnect(NetworkClient.java:178)
	at java.base/sun.net.www.http.HttpClient.openServer(HttpClient.java:531)
	at java.base/sun.net.www.http.HttpClient.openServer(HttpClient.java:636)
	at java.base/sun.net.www.http.HttpClient.<init>(HttpClient.java:282)
	at java.base/sun.net.www.http.HttpClient.New(HttpClient.java:386)
	at java.base/sun.net.www.http.HttpClient.New(HttpClient.java:408)
	at java.base/sun.net.www.protocol.http.HttpURLConnection.getNewHttpClient(HttpURLConnection.java:1320)
	at java.base/sun.net.www.protocol.http.HttpURLConnection.plainConnect0(HttpURLConnection.java:1253)
	at java.base/sun.net.www.protocol.http.HttpURLConnection.plainConnect(HttpURLConnection.java:1139)
	at java.base/sun.net.www.protocol.http.HttpURLConnection.connect(HttpURLConnection.java:1068)
	at java.base/sun.net.www.protocol.http.HttpURLConnection.getOutputStream0(HttpURLConnection.java:1462)
	at java.base/sun.net.www.protocol.http.HttpURLConnection.getOutputStream(HttpURLConnection.java:1433)
	at org.springframework.ws.transport.http.HttpUrlConnection.getRequestOutputStream(HttpUrlConnection.java:90)
	at org.springframework.ws.transport.AbstractSenderConnection$RequestTransportOutputStream.createOutputStream(AbstractSenderConnection.java:89)
	at org.springframework.ws.transport.TransportOutputStream.getOutputStream(TransportOutputStream.java:44)
	at org.springframework.ws.transport.TransportOutputStream.write(TransportOutputStream.java:71)
	at com.sun.xml.messaging.saaj.soap.MessageImpl.writeTo(MessageImpl.java:1395)
	at org.springframework.ws.soap.saaj.SaajSoapMessage.writeTo(SaajSoapMessage.java:268)
	at org.springframework.ws.transport.AbstractWebServiceConnection.send(AbstractWebServiceConnection.java:48)
	at org.springframework.ws.client.core.WebServiceTemplate.sendRequest(WebServiceTemplate.java:693)
	at org.springframework.ws.client.core.WebServiceTemplate.doSendAndReceive(WebServiceTemplate.java:643)
	at org.springframework.ws.client.core.WebServiceTemplate.sendAndReceive(WebServiceTemplate.java:588)
	... 49 more
2026-03-27 08:34:03.145 [http-nio-8080-exec-5] ERROR org.apache.catalina.core.ContainerBase.[Tomcat].[localhost].[/].[dispatcherServlet] - Servlet.service() for servlet [dispatcherServlet] in context with path [] threw exception [Request processing failed: org.springframework.ws.client.WebServiceIOException: I/O error: Connection refused: getsockopt] with root cause
java.net.ConnectException: Connection refused: getsockopt
	at java.base/sun.nio.ch.Net.pollConnect(Native Method)
	at java.base/sun.nio.ch.Net.pollConnectNow(Net.java:682)
	at java.base/sun.nio.ch.NioSocketImpl.timedFinishConnect(NioSocketImpl.java:542)
	at java.base/sun.nio.ch.NioSocketImpl.connect(NioSocketImpl.java:592)
	at java.base/java.net.Socket.connect(Socket.java:751)
	at java.base/sun.net.NetworkClient.doConnect(NetworkClient.java:178)
	at java.base/sun.net.www.http.HttpClient.openServer(HttpClient.java:531)
	at java.base/sun.net.www.http.HttpClient.openServer(HttpClient.java:636)
	at java.base/sun.net.www.http.HttpClient.<init>(HttpClient.java:282)
	at java.base/sun.net.www.http.HttpClient.New(HttpClient.java:386)
	at java.base/sun.net.www.http.HttpClient.New(HttpClient.java:408)
	at java.base/sun.net.www.protocol.http.HttpURLConnection.getNewHttpClient(HttpURLConnection.java:1320)
	at java.base/sun.net.www.protocol.http.HttpURLConnection.plainConnect0(HttpURLConnection.java:1253)
	at java.base/sun.net.www.protocol.http.HttpURLConnection.plainConnect(HttpURLConnection.java:1139)
	at java.base/sun.net.www.protocol.http.HttpURLConnection.connect(HttpURLConnection.java:1068)
	at java.base/sun.net.www.protocol.http.HttpURLConnection.getOutputStream0(HttpURLConnection.java:1462)
	at java.base/sun.net.www.protocol.http.HttpURLConnection.getOutputStream(HttpURLConnection.java:1433)
	at org.springframework.ws.transport.http.HttpUrlConnection.getRequestOutputStream(HttpUrlConnection.java:90)
	at org.springframework.ws.transport.AbstractSenderConnection$RequestTransportOutputStream.createOutputStream(AbstractSenderConnection.java:89)
	at org.springframework.ws.transport.TransportOutputStream.getOutputStream(TransportOutputStream.java:44)
	at org.springframework.ws.transport.TransportOutputStream.write(TransportOutputStream.java:71)
	at com.sun.xml.messaging.saaj.soap.MessageImpl.writeTo(MessageImpl.java:1395)
	at org.springframework.ws.soap.saaj.SaajSoapMessage.writeTo(SaajSoapMessage.java:268)
	at org.springframework.ws.transport.AbstractWebServiceConnection.send(AbstractWebServiceConnection.java:48)
	at org.springframework.ws.client.core.WebServiceTemplate.sendRequest(WebServiceTemplate.java:693)
	at org.springframework.ws.client.core.WebServiceTemplate.doSendAndReceive(WebServiceTemplate.java:643)
	at org.springframework.ws.client.core.WebServiceTemplate.sendAndReceive(WebServiceTemplate.java:588)
	at org.springframework.ws.client.core.WebServiceTemplate.marshalSendAndReceive(WebServiceTemplate.java:426)
	at org.springframework.ws.client.core.WebServiceTemplate.marshalSendAndReceive(WebServiceTemplate.java:412)
	at com.telecom.soap.client.RechargeSoapClient.callRecharge(RechargeSoapClient.java:30)
	at com.telecom.adapter.impl.SoapRechargeAdapter.recharge(SoapRechargeAdapter.java:31)
	at com.telecom.service.RechargeService.processRecharge(RechargeService.java:25)
	at com.telecom.controller.RechargeController.recharge(RechargeController.java:34)
	at java.base/jdk.internal.reflect.DirectMethodHandleAccessor.invoke(DirectMethodHandleAccessor.java:103)
	at java.base/java.lang.reflect.Method.invoke(Method.java:580)
	at org.springframework.web.method.support.InvocableHandlerMethod.doInvoke(InvocableHandlerMethod.java:258)
	at org.springframework.web.method.support.InvocableHandlerMethod.invokeForRequest(InvocableHandlerMethod.java:190)
	at org.springframework.web.servlet.mvc.method.annotation.ServletInvocableHandlerMethod.invokeAndHandle(ServletInvocableHandlerMethod.java:117)
	at org.springframework.web.servlet.mvc.method.annotation.RequestMappingHandlerAdapter.invokeHandlerMethod(RequestMappingHandlerAdapter.java:934)
	at org.springframework.web.servlet.mvc.method.annotation.RequestMappingHandlerAdapter.handleInternal(RequestMappingHandlerAdapter.java:853)
	at org.springframework.web.servlet.mvc.method.AbstractHandlerMethodAdapter.handle(AbstractHandlerMethodAdapter.java:86)
	at org.springframework.web.servlet.DispatcherServlet.doDispatch(DispatcherServlet.java:963)
	at org.springframework.web.servlet.DispatcherServlet.doService(DispatcherServlet.java:866)
	at org.springframework.web.servlet.FrameworkServlet.processRequest(FrameworkServlet.java:1003)
	at org.springframework.web.servlet.FrameworkServlet.doPost(FrameworkServlet.java:903)
	at jakarta.servlet.http.HttpServlet.service(HttpServlet.java:649)
	at org.springframework.web.servlet.FrameworkServlet.service(FrameworkServlet.java:874)
	at jakarta.servlet.http.HttpServlet.service(HttpServlet.java:710)
	at org.apache.catalina.core.ApplicationFilterChain.doFilter(ApplicationFilterChain.java:128)
	at org.apache.tomcat.websocket.server.WsFilter.doFilter(WsFilter.java:53)
	at org.apache.catalina.core.ApplicationFilterChain.doFilter(ApplicationFilterChain.java:107)
	at org.springframework.web.filter.RequestContextFilter.doFilterInternal(RequestContextFilter.java:100)
	at org.springframework.web.filter.OncePerRequestFilter.doFilter(OncePerRequestFilter.java:116)
	at org.apache.catalina.core.ApplicationFilterChain.doFilter(ApplicationFilterChain.java:107)
	at org.springframework.web.filter.FormContentFilter.doFilterInternal(FormContentFilter.java:93)
	at org.springframework.web.filter.OncePerRequestFilter.doFilter(OncePerRequestFilter.java:116)
	at org.apache.catalina.core.ApplicationFilterChain.doFilter(ApplicationFilterChain.java:107)
	at org.springframework.web.filter.CharacterEncodingFilter.doFilterInternal(CharacterEncodingFilter.java:199)
	at org.springframework.web.filter.OncePerRequestFilter.doFilter(OncePerRequestFilter.java:116)
	at org.apache.catalina.core.ApplicationFilterChain.doFilter(ApplicationFilterChain.java:107)
	at org.apache.catalina.core.StandardWrapperValve.invoke(StandardWrapperValve.java:165)
	at org.apache.catalina.core.StandardContextValve.invoke(StandardContextValve.java:77)
	at org.apache.catalina.authenticator.AuthenticatorBase.invoke(AuthenticatorBase.java:482)
	at org.apache.catalina.core.StandardHostValve.invoke(StandardHostValve.java:113)
	at org.apache.catalina.valves.ErrorReportValve.invoke(ErrorReportValve.java:83)
	at org.apache.catalina.core.StandardEngineValve.invoke(StandardEngineValve.java:72)
	at org.apache.catalina.connector.CoyoteAdapter.service(CoyoteAdapter.java:341)
	at org.apache.coyote.http11.Http11Processor.service(Http11Processor.java:397)
	at org.apache.coyote.AbstractProcessorLight.process(AbstractProcessorLight.java:63)
	at org.apache.coyote.AbstractProtocol$ConnectionHandler.process(AbstractProtocol.java:903)
	at org.apache.tomcat.util.net.NioEndpoint$SocketProcessor.doRun(NioEndpoint.java:1778)
	at org.apache.tomcat.util.net.SocketProcessorBase.run(SocketProcessorBase.java:52)
	at org.apache.tomcat.util.threads.ThreadPoolExecutor.runWorker(ThreadPoolExecutor.java:946)
	at org.apache.tomcat.util.threads.ThreadPoolExecutor$Worker.run(ThreadPoolExecutor.java:480)
	at org.apache.tomcat.util.threads.TaskThread$WrappingRunnable.run(TaskThread.java:57)
	at java.base/java.lang.Thread.run(Thread.java:1583)
2026-03-27 08:34:52.895 [http-nio-8080-exec-4] INFO  com.telecom.controller.RechargeController - Received recharge request for MSISDN: 9178572698 with amount: 200.0
2026-03-27 08:34:52.895 [http-nio-8080-exec-4] INFO  com.telecom.service.RechargeService - Processing recharge request for MSISDN: 9178572698 with amount: 200.0
2026-03-27 08:34:52.895 [http-nio-8080-exec-4] INFO  com.telecom.soap.client.RechargeSoapClient - Calling SOAP Recharge service for MSISDN: 9178572698 with amount: 200.0
2026-03-27 08:34:52.895 [http-nio-8080-exec-4] DEBUG com.telecom.soap.client.RechargeSoapClient - Full SOAP request: RechargeSoapRequest{msisdn='9178572698', amount=200.0}
2026-03-27 08:34:52.897 [http-nio-8080-exec-4] DEBUG org.springframework.ws.client.core.WebServiceTemplate - Opening [org.springframework.ws.transport.http.HttpUrlConnection@7a71ad3c] to [http://localhost:8090/ws]
2026-03-27 08:34:52.897 [http-nio-8080-exec-4] INFO  SOAP - Outgoing SOAP Request:
<SOAP-ENV:Envelope xmlns:SOAP-ENV="http://schemas.xmlsoap.org/soap/envelope/"><SOAP-ENV:Header/><SOAP-ENV:Body><ns3:RechargeSoapRequest xmlns:ns3="http://telecom.com/recharge"><msisdn>9178572698</msisdn><amount>200.0</amount></ns3:RechargeSoapRequest></SOAP-ENV:Body></SOAP-ENV:Envelope>
2026-03-27 08:34:52.897 [http-nio-8080-exec-4] DEBUG org.springframework.ws.client.MessageTracing.sent - Sent request [SaajSoapMessage {http://telecom.com/recharge}RechargeSoapRequest]
2026-03-27 08:34:53.317 [http-nio-8080-exec-4] DEBUG org.springframework.ws.client.MessageTracing.received - Received response [SaajSoapMessage {http://telecom.com/recharge}RechargeSoapResponse] for request [SaajSoapMessage {http://telecom.com/recharge}RechargeSoapRequest]
2026-03-27 08:34:53.317 [http-nio-8080-exec-4] INFO  SOAP - Incoming SOAP Response:
<SOAP-ENV:Envelope xmlns:SOAP-ENV="http://schemas.xmlsoap.org/soap/envelope/"><SOAP-ENV:Header/><SOAP-ENV:Body><ns3:RechargeSoapResponse xmlns:ns3="http://telecom.com/recharge"><status>SUCCESS</status><message>Recharge successful for 9178572698 with amount 200.0</message></ns3:RechargeSoapResponse></SOAP-ENV:Body></SOAP-ENV:Envelope>
2026-03-27 08:34:53.317 [http-nio-8080-exec-4] INFO  com.telecom.soap.client.RechargeSoapClient - SOAP Recharge response received - Status: SUCCESS, Message: Recharge successful for 9178572698 with amount 200.0
2026-03-27 08:34:53.317 [http-nio-8080-exec-4] DEBUG com.telecom.soap.client.RechargeSoapClient - Full SOAP response: RechargeSoapResponse{status='SUCCESS', message='Recharge successful for 9178572698 with amount 200.0'}
2026-03-27 08:34:53.317 [http-nio-8080-exec-4] INFO  com.telecom.service.RechargeService - Recharge processed successfully - Status: SUCCESS, Message: Recharge successful for 9178572698 with amount 200.0
2026-03-27 08:35:38.069 [RMI TCP Connection(7)-127.0.0.1] INFO  org.springframework.boot.admin.SpringApplicationAdminMXBeanRegistrar$SpringApplicationAdmin - Application shutdown requested.
2026-03-27 08:35:38.073 [RMI TCP Connection(7)-127.0.0.1] INFO  org.springframework.boot.tomcat.GracefulShutdown - Commencing graceful shutdown. Waiting for active requests to complete
2026-03-27 08:35:38.074 [tomcat-shutdown] INFO  org.apache.coyote.http11.Http11NioProtocol - Pausing ProtocolHandler ["http-nio-8080"]
2026-03-27 08:35:38.081 [tomcat-shutdown] INFO  org.springframework.boot.tomcat.GracefulShutdown - Graceful shutdown complete
2026-03-27 08:35:38.082 [RMI TCP Connection(7)-127.0.0.1] INFO  org.apache.coyote.http11.Http11NioProtocol - Stopping ProtocolHandler ["http-nio-8080"]
