2026-03-30 11:20:19.808 [restartedMain] INFO  com.telecom.MiddlewareApplication - Starting MiddlewareApplication using Java 21.0.8 with PID 11092 (D:\Telecom\telecom-middleware-Middleware\target\classes started by Welcome in D:\Telecom\telecom-middleware-Middleware)
2026-03-30 11:20:19.820 [restartedMain] DEBUG com.telecom.MiddlewareApplication - Running with Spring Boot v4.0.2, Spring v7.0.3
2026-03-30 11:20:19.823 [restartedMain] INFO  com.telecom.MiddlewareApplication - No active profile set, falling back to 1 default profile: "default"
2026-03-30 11:20:19.896 [restartedMain] INFO  org.springframework.boot.devtools.env.DevToolsPropertyDefaultsPostProcessor - Devtools property defaults active! Set 'spring.devtools.add-properties' to 'false' to disable
2026-03-30 11:20:19.898 [restartedMain] INFO  org.springframework.boot.devtools.env.DevToolsPropertyDefaultsPostProcessor - For additional web related logging consider setting the 'logging.level.web' property to 'DEBUG'
2026-03-30 11:20:20.289 [background-preinit] INFO  org.hibernate.validator.internal.util.Version - HV000001: Hibernate Validator 9.0.1.Final
2026-03-30 11:20:21.015 [restartedMain] INFO  org.springframework.boot.tomcat.TomcatWebServer - Tomcat initialized with port 8087 (http)
2026-03-30 11:20:21.028 [restartedMain] INFO  org.apache.coyote.http11.Http11NioProtocol - Initializing ProtocolHandler ["http-nio-8087"]
2026-03-30 11:20:21.031 [restartedMain] INFO  org.apache.catalina.core.StandardService - Starting service [Tomcat]
2026-03-30 11:20:21.031 [restartedMain] INFO  org.apache.catalina.core.StandardEngine - Starting Servlet engine: [Apache Tomcat/11.0.15]
2026-03-30 11:20:21.075 [restartedMain] INFO  org.springframework.boot.web.context.servlet.WebApplicationContextInitializer - Root WebApplicationContext: initialization completed in 1176 ms
2026-03-30 11:20:21.272 [restartedMain] INFO  org.springframework.ws.soap.saaj.SaajSoapMessageFactory - Creating SAAJ 1.3 MessageFactory with SOAP 1.1 Protocol
2026-03-30 11:20:21.282 [restartedMain] DEBUG org.springframework.ws.soap.saaj.SaajSoapMessageFactory - Using MessageFactory class [com.sun.xml.messaging.saaj.soap.ver1_1.SOAPMessageFactory1_1Impl]
2026-03-30 11:20:21.652 [restartedMain] DEBUG org.springframework.ws.server.endpoint.mapping.PayloadRootAnnotationMethodEndpointMapping - Looking for endpoints in application context: org.springframework.boot.web.server.servlet.context.AnnotationConfigServletWebServerApplicationContext@6ccc8365, started on Mon Mar 30 11:20:19 IST 2026
2026-03-30 11:20:21.655 [restartedMain] DEBUG org.springframework.ws.soap.server.endpoint.mapping.SoapActionAnnotationMethodEndpointMapping - Looking for endpoints in application context: org.springframework.boot.web.server.servlet.context.AnnotationConfigServletWebServerApplicationContext@6ccc8365, started on Mon Mar 30 11:20:19 IST 2026
2026-03-30 11:20:21.699 [restartedMain] INFO  org.springframework.ws.soap.addressing.server.AnnotationActionEndpointMapping - Supporting [WS-Addressing August 2004, WS-Addressing 1.0]
2026-03-30 11:20:21.709 [restartedMain] DEBUG org.springframework.ws.server.endpoint.adapter.DefaultMethodEndpointAdapter - No MethodArgumentResolvers set, using defaults: [org.springframework.ws.server.endpoint.adapter.method.dom.DomPayloadMethodProcessor@523e2c17, org.springframework.ws.server.endpoint.adapter.method.MessageContextMethodArgumentResolver@65412a44, org.springframework.ws.server.endpoint.adapter.method.SourcePayloadMethodProcessor@3f6336ae, org.springframework.ws.server.endpoint.adapter.method.XPathParamMethodArgumentResolver@411bfd3a, org.springframework.ws.soap.server.endpoint.adapter.method.SoapMethodArgumentResolver@62e63f9a, org.springframework.ws.soap.server.endpoint.adapter.method.SoapHeaderElementMethodArgumentResolver@e993a88, org.springframework.ws.server.endpoint.adapter.method.jaxb.XmlRootElementPayloadMethodProcessor@2869bbb3, org.springframework.ws.server.endpoint.adapter.method.jaxb.JaxbElementPayloadMethodProcessor@360571a9, org.springframework.ws.server.endpoint.adapter.method.StaxPayloadMethodArgumentResolver@65cc821c]
2026-03-30 11:20:21.712 [restartedMain] DEBUG org.springframework.ws.server.endpoint.adapter.DefaultMethodEndpointAdapter - No MethodReturnValueHandlers set, using defaults: [org.springframework.ws.server.endpoint.adapter.method.dom.DomPayloadMethodProcessor@22c6a957, org.springframework.ws.server.endpoint.adapter.method.SourcePayloadMethodProcessor@47972a9f, org.springframework.ws.server.endpoint.adapter.method.jaxb.XmlRootElementPayloadMethodProcessor@5a0293fd, org.springframework.ws.server.endpoint.adapter.method.jaxb.JaxbElementPayloadMethodProcessor@5b5f26c3]
2026-03-30 11:20:21.728 [restartedMain] INFO  org.apache.coyote.http11.Http11NioProtocol - Starting ProtocolHandler ["http-nio-8087"]
2026-03-30 11:20:21.751 [restartedMain] INFO  org.springframework.boot.tomcat.TomcatWebServer - Tomcat started on port 8087 (http) with context path '/'
2026-03-30 11:20:21.766 [restartedMain] INFO  com.telecom.MiddlewareApplication - Started MiddlewareApplication in 2.307 seconds (process running for 3.212)
